2025-12-19 09:10:42,420 - my_app_logger - INFO - Element found: ('id', 'com.tal.kaoyan:id/login_email_edittext')
2025-12-19 09:10:43,701 - my_app_logger - INFO - Input text: 'zhangfei666' into element: ('id', 'com.tal.kaoyan:id/login_email_edittext')
2025-12-19 09:10:44,125 - my_app_logger - INFO - Element found: ('id', 'com.tal.kaoyan:id/login_password_edittext')
2025-12-19 09:10:44,779 - my_app_logger - INFO - Input text: 'zhang123' into element: ('id', 'com.tal.kaoyan:id/login_password_edittext')
2025-12-19 09:10:45,299 - my_app_logger - INFO - Element found: ('id', 'com.tal.kaoyan:id/login_login_btn')
2025-12-19 09:10:45,592 - my_app_logger - INFO - Clicked element: ('id', 'com.tal.kaoyan:id/login_login_btn')
2025-12-19 09:10:53,477 - my_app_logger - INFO - Element found: ('xpath', '//*[contains(@text,"我")]')
2025-12-19 09:10:53,824 - my_app_logger - INFO - 获取Toast消息的文本 我 成功
2025-12-19 09:10:53,951 - my_app_logger - INFO - Element found: ('id', 'com.tal.kaoyan:id/mainactivity_button_mysefl')
2025-12-19 09:10:53,951 - my_app_logger - INFO - Element found: ('id', 'com.tal.kaoyan:id/mainactivity_button_mysefl')
2025-12-19 09:10:54,071 - my_app_logger - INFO - Clicked element: ('id', 'com.tal.kaoyan:id/mainactivity_button_mysefl')
2025-12-19 09:10:54,071 - my_app_logger - INFO - Clicked element: ('id', 'com.tal.kaoyan:id/mainactivity_button_mysefl')
2025-12-19 09:10:54,717 - my_app_logger - INFO - Element found: ('id', 'com.tal.kaoyan:id/myapptitle_RightButton_textview')
2025-12-19 09:10:54,717 - my_app_logger - INFO - Element found: ('id', 'com.tal.kaoyan:id/myapptitle_RightButton_textview')
2025-12-19 09:10:54,717 - my_app_logger - INFO - Element found: ('id', 'com.tal.kaoyan:id/myapptitle_RightButton_textview')
2025-12-19 09:10:54,821 - my_app_logger - INFO - Clicked element: ('id', 'com.tal.kaoyan:id/myapptitle_RightButton_textview')
2025-12-19 09:10:54,821 - my_app_logger - INFO - Clicked element: ('id', 'com.tal.kaoyan:id/myapptitle_RightButton_textview')
2025-12-19 09:10:54,821 - my_app_logger - INFO - Clicked element: ('id', 'com.tal.kaoyan:id/myapptitle_RightButton_textview')
2025-12-19 09:10:55,979 - my_app_logger - INFO - Element found: ('id', 'com.tal.kaoyan:id/setting_logout_text')
2025-12-19 09:10:55,979 - my_app_logger - INFO - Element found: ('id', 'com.tal.kaoyan:id/setting_logout_text')
2025-12-19 09:10:55,979 - my_app_logger - INFO - Element found: ('id', 'com.tal.kaoyan:id/setting_logout_text')
2025-12-19 09:10:56,582 - my_app_logger - INFO - Clicked element: ('id', 'com.tal.kaoyan:id/setting_logout_text')
2025-12-19 09:10:56,582 - my_app_logger - INFO - Clicked element: ('id', 'com.tal.kaoyan:id/setting_logout_text')
2025-12-19 09:10:56,582 - my_app_logger - INFO - Clicked element: ('id', 'com.tal.kaoyan:id/setting_logout_text')
2025-12-19 09:10:57,186 - my_app_logger - INFO - Element found: ('id', 'com.tal.kaoyan:id/tip_commit')
2025-12-19 09:10:57,186 - my_app_logger - INFO - Element found: ('id', 'com.tal.kaoyan:id/tip_commit')
2025-12-19 09:10:57,186 - my_app_logger - INFO - Element found: ('id', 'com.tal.kaoyan:id/tip_commit')
2025-12-19 09:10:57,502 - my_app_logger - INFO - Clicked element: ('id', 'com.tal.kaoyan:id/tip_commit')
2025-12-19 09:10:57,502 - my_app_logger - INFO - Clicked element: ('id', 'com.tal.kaoyan:id/tip_commit')
2025-12-19 09:10:57,502 - my_app_logger - INFO - Clicked element: ('id', 'com.tal.kaoyan:id/tip_commit')
2025-12-19 09:11:23,839 - my_app_logger - INFO - Element found: ('id', 'com.tal.kaoyan:id/login_email_edittext')
2025-12-19 09:11:23,839 - my_app_logger - INFO - Element found: ('id', 'com.tal.kaoyan:id/login_email_edittext')
2025-12-19 09:11:23,839 - my_app_logger - INFO - Element found: ('id', 'com.tal.kaoyan:id/login_email_edittext')
2025-12-19 09:11:23,839 - my_app_logger - INFO - Element found: ('id', 'com.tal.kaoyan:id/login_email_edittext')
2025-12-19 09:11:24,501 - my_app_logger - INFO - Input text: '' into element: ('id', 'com.tal.kaoyan:id/login_email_edittext')
2025-12-19 09:11:24,501 - my_app_logger - INFO - Input text: '' into element: ('id', 'com.tal.kaoyan:id/login_email_edittext')
2025-12-19 09:11:24,501 - my_app_logger - INFO - Input text: '' into element: ('id', 'com.tal.kaoyan:id/login_email_edittext')
2025-12-19 09:11:24,501 - my_app_logger - INFO - Input text: '' into element: ('id', 'com.tal.kaoyan:id/login_email_edittext')
2025-12-19 09:11:25,061 - my_app_logger - INFO - Element found: ('id', 'com.tal.kaoyan:id/login_password_edittext')
2025-12-19 09:11:25,061 - my_app_logger - INFO - Element found: ('id', 'com.tal.kaoyan:id/login_password_edittext')
2025-12-19 09:11:25,061 - my_app_logger - INFO - Element found: ('id', 'com.tal.kaoyan:id/login_password_edittext')
2025-12-19 09:11:25,061 - my_app_logger - INFO - Element found: ('id', 'com.tal.kaoyan:id/login_password_edittext')
2025-12-19 09:11:26,200 - my_app_logger - INFO - Input text: 'zhang123' into element: ('id', 'com.tal.kaoyan:id/login_password_edittext')
2025-12-19 09:11:26,200 - my_app_logger - INFO - Input text: 'zhang123' into element: ('id', 'com.tal.kaoyan:id/login_password_edittext')
2025-12-19 09:11:26,200 - my_app_logger - INFO - Input text: 'zhang123' into element: ('id', 'com.tal.kaoyan:id/login_password_edittext')
2025-12-19 09:11:26,200 - my_app_logger - INFO - Input text: 'zhang123' into element: ('id', 'com.tal.kaoyan:id/login_password_edittext')
2025-12-19 09:11:26,718 - my_app_logger - INFO - Element found: ('id', 'com.tal.kaoyan:id/login_login_btn')
2025-12-19 09:11:26,718 - my_app_logger - INFO - Element found: ('id', 'com.tal.kaoyan:id/login_login_btn')
2025-12-19 09:11:26,718 - my_app_logger - INFO - Element found: ('id', 'com.tal.kaoyan:id/login_login_btn')
2025-12-19 09:11:26,718 - my_app_logger - INFO - Element found: ('id', 'com.tal.kaoyan:id/login_login_btn')
2025-12-19 09:11:27,000 - my_app_logger - INFO - Clicked element: ('id', 'com.tal.kaoyan:id/login_login_btn')
2025-12-19 09:11:27,000 - my_app_logger - INFO - Clicked element: ('id', 'com.tal.kaoyan:id/login_login_btn')
2025-12-19 09:11:27,000 - my_app_logger - INFO - Clicked element: ('id', 'com.tal.kaoyan:id/login_login_btn')
2025-12-19 09:11:27,000 - my_app_logger - INFO - Clicked element: ('id', 'com.tal.kaoyan:id/login_login_btn')
2025-12-19 09:11:57,066 - my_app_logger - ERROR - Element not found within 30 seconds: ('xpath', '//*[contains(@text,"账户不能为空")]')
2025-12-19 09:11:57,066 - my_app_logger - ERROR - Element not found within 30 seconds: ('xpath', '//*[contains(@text,"账户不能为空")]')
2025-12-19 09:11:57,066 - my_app_logger - ERROR - Element not found within 30 seconds: ('xpath', '//*[contains(@text,"账户不能为空")]')
2025-12-19 09:11:57,066 - my_app_logger - ERROR - Element not found within 30 seconds: ('xpath', '//*[contains(@text,"账户不能为空")]')
2025-12-19 09:11:57,067 - my_app_logger - ERROR - 获取Toast消息的文本失败: 'NoneType' object has no attribute 'text'
2025-12-19 09:11:57,067 - my_app_logger - ERROR - 获取Toast消息的文本失败: 'NoneType' object has no attribute 'text'
2025-12-19 09:11:57,067 - my_app_logger - ERROR - 获取Toast消息的文本失败: 'NoneType' object has no attribute 'text'
2025-12-19 09:11:57,067 - my_app_logger - ERROR - 获取Toast消息的文本失败: 'NoneType' object has no attribute 'text'
2025-12-19 09:12:21,715 - my_app_logger - INFO - Element found: ('id', 'com.tal.kaoyan:id/login_email_edittext')
2025-12-19 09:12:21,715 - my_app_logger - INFO - Element found: ('id', 'com.tal.kaoyan:id/login_email_edittext')
2025-12-19 09:12:21,715 - my_app_logger - INFO - Element found: ('id', 'com.tal.kaoyan:id/login_email_edittext')
2025-12-19 09:12:21,715 - my_app_logger - INFO - Element found: ('id', 'com.tal.kaoyan:id/login_email_edittext')
2025-12-19 09:12:21,715 - my_app_logger - INFO - Element found: ('id', 'com.tal.kaoyan:id/login_email_edittext')
2025-12-19 09:12:22,822 - my_app_logger - INFO - Input text: 'zhangfei666' into element: ('id', 'com.tal.kaoyan:id/login_email_edittext')
2025-12-19 09:12:22,822 - my_app_logger - INFO - Input text: 'zhangfei666' into element: ('id', 'com.tal.kaoyan:id/login_email_edittext')
2025-12-19 09:12:22,822 - my_app_logger - INFO - Input text: 'zhangfei666' into element: ('id', 'com.tal.kaoyan:id/login_email_edittext')
2025-12-19 09:12:22,822 - my_app_logger - INFO - Input text: 'zhangfei666' into element: ('id', 'com.tal.kaoyan:id/login_email_edittext')
2025-12-19 09:12:22,822 - my_app_logger - INFO - Input text: 'zhangfei666' into element: ('id', 'com.tal.kaoyan:id/login_email_edittext')
2025-12-19 09:12:23,421 - my_app_logger - INFO - Element found: ('id', 'com.tal.kaoyan:id/login_password_edittext')
2025-12-19 09:12:23,421 - my_app_logger - INFO - Element found: ('id', 'com.tal.kaoyan:id/login_password_edittext')
2025-12-19 09:12:23,421 - my_app_logger - INFO - Element found: ('id', 'com.tal.kaoyan:id/login_password_edittext')
2025-12-19 09:12:23,421 - my_app_logger - INFO - Element found: ('id', 'com.tal.kaoyan:id/login_password_edittext')
2025-12-19 09:12:23,421 - my_app_logger - INFO - Element found: ('id', 'com.tal.kaoyan:id/login_password_edittext')
2025-12-19 09:12:24,003 - my_app_logger - INFO - Input text: '' into element: ('id', 'com.tal.kaoyan:id/login_password_edittext')
2025-12-19 09:12:24,003 - my_app_logger - INFO - Input text: '' into element: ('id', 'com.tal.kaoyan:id/login_password_edittext')
2025-12-19 09:12:24,003 - my_app_logger - INFO - Input text: '' into element: ('id', 'com.tal.kaoyan:id/login_password_edittext')
2025-12-19 09:12:24,003 - my_app_logger - INFO - Input text: '' into element: ('id', 'com.tal.kaoyan:id/login_password_edittext')
2025-12-19 09:12:24,003 - my_app_logger - INFO - Input text: '' into element: ('id', 'com.tal.kaoyan:id/login_password_edittext')
2025-12-19 09:12:24,609 - my_app_logger - INFO - Element found: ('id', 'com.tal.kaoyan:id/login_login_btn')
2025-12-19 09:12:24,609 - my_app_logger - INFO - Element found: ('id', 'com.tal.kaoyan:id/login_login_btn')
2025-12-19 09:12:24,609 - my_app_logger - INFO - Element found: ('id', 'com.tal.kaoyan:id/login_login_btn')
2025-12-19 09:12:24,609 - my_app_logger - INFO - Element found: ('id', 'com.tal.kaoyan:id/login_login_btn')
2025-12-19 09:12:24,609 - my_app_logger - INFO - Element found: ('id', 'com.tal.kaoyan:id/login_login_btn')
2025-12-19 09:12:24,747 - my_app_logger - INFO - Clicked element: ('id', 'com.tal.kaoyan:id/login_login_btn')
2025-12-19 09:12:24,747 - my_app_logger - INFO - Clicked element: ('id', 'com.tal.kaoyan:id/login_login_btn')
2025-12-19 09:12:24,747 - my_app_logger - INFO - Clicked element: ('id', 'com.tal.kaoyan:id/login_login_btn')
2025-12-19 09:12:24,747 - my_app_logger - INFO - Clicked element: ('id', 'com.tal.kaoyan:id/login_login_btn')
2025-12-19 09:12:24,747 - my_app_logger - INFO - Clicked element: ('id', 'com.tal.kaoyan:id/login_login_btn')
2025-12-19 09:12:25,405 - my_app_logger - INFO - Element found: ('xpath', '//*[contains(@text,"不能为空")]')
2025-12-19 09:12:25,405 - my_app_logger - INFO - Element found: ('xpath', '//*[contains(@text,"不能为空")]')
2025-12-19 09:12:25,405 - my_app_logger - INFO - Element found: ('xpath', '//*[contains(@text,"不能为空")]')
2025-12-19 09:12:25,405 - my_app_logger - INFO - Element found: ('xpath', '//*[contains(@text,"不能为空")]')
2025-12-19 09:12:25,405 - my_app_logger - INFO - Element found: ('xpath', '//*[contains(@text,"不能为空")]')
2025-12-19 09:12:25,529 - my_app_logger - INFO - 获取Toast消息的文本 邮箱帐户密码不能为空 成功
2025-12-19 09:12:25,529 - my_app_logger - INFO - 获取Toast消息的文本 邮箱帐户密码不能为空 成功
2025-12-19 09:12:25,529 - my_app_logger - INFO - 获取Toast消息的文本 邮箱帐户密码不能为空 成功
2025-12-19 09:12:25,529 - my_app_logger - INFO - 获取Toast消息的文本 邮箱帐户密码不能为空 成功
2025-12-19 09:12:25,529 - my_app_logger - INFO - 获取Toast消息的文本 邮箱帐户密码不能为空 成功
2025-12-19 09:12:49,580 - my_app_logger - INFO - Element found: ('id', 'com.tal.kaoyan:id/login_email_edittext')
2025-12-19 09:12:49,580 - my_app_logger - INFO - Element found: ('id', 'com.tal.kaoyan:id/login_email_edittext')
2025-12-19 09:12:49,580 - my_app_logger - INFO - Element found: ('id', 'com.tal.kaoyan:id/login_email_edittext')
2025-12-19 09:12:49,580 - my_app_logger - INFO - Element found: ('id', 'com.tal.kaoyan:id/login_email_edittext')
2025-12-19 09:12:49,580 - my_app_logger - INFO - Element found: ('id', 'com.tal.kaoyan:id/login_email_edittext')
2025-12-19 09:12:49,580 - my_app_logger - INFO - Element found: ('id', 'com.tal.kaoyan:id/login_email_edittext')
2025-12-19 09:12:50,695 - my_app_logger - INFO - Input text: 'zhangfei666' into element: ('id', 'com.tal.kaoyan:id/login_email_edittext')
2025-12-19 09:12:50,695 - my_app_logger - INFO - Input text: 'zhangfei666' into element: ('id', 'com.tal.kaoyan:id/login_email_edittext')
2025-12-19 09:12:50,695 - my_app_logger - INFO - Input text: 'zhangfei666' into element: ('id', 'com.tal.kaoyan:id/login_email_edittext')
2025-12-19 09:12:50,695 - my_app_logger - INFO - Input text: 'zhangfei666' into element: ('id', 'com.tal.kaoyan:id/login_email_edittext')
2025-12-19 09:12:50,695 - my_app_logger - INFO - Input text: 'zhangfei666' into element: ('id', 'com.tal.kaoyan:id/login_email_edittext')
2025-12-19 09:12:50,695 - my_app_logger - INFO - Input text: 'zhangfei666' into element: ('id', 'com.tal.kaoyan:id/login_email_edittext')
2025-12-19 09:12:51,219 - my_app_logger - INFO - Element found: ('id', 'com.tal.kaoyan:id/login_password_edittext')
2025-12-19 09:12:51,219 - my_app_logger - INFO - Element found: ('id', 'com.tal.kaoyan:id/login_password_edittext')
2025-12-19 09:12:51,219 - my_app_logger - INFO - Element found: ('id', 'com.tal.kaoyan:id/login_password_edittext')
2025-12-19 09:12:51,219 - my_app_logger - INFO - Element found: ('id', 'com.tal.kaoyan:id/login_password_edittext')
2025-12-19 09:12:51,219 - my_app_logger - INFO - Element found: ('id', 'com.tal.kaoyan:id/login_password_edittext')
2025-12-19 09:12:51,219 - my_app_logger - INFO - Element found: ('id', 'com.tal.kaoyan:id/login_password_edittext')
2025-12-19 09:12:52,400 - my_app_logger - INFO - Input text: '342342342' into element: ('id', 'com.tal.kaoyan:id/login_password_edittext')
2025-12-19 09:12:52,400 - my_app_logger - INFO - Input text: '342342342' into element: ('id', 'com.tal.kaoyan:id/login_password_edittext')
2025-12-19 09:12:52,400 - my_app_logger - INFO - Input text: '342342342' into element: ('id', 'com.tal.kaoyan:id/login_password_edittext')
2025-12-19 09:12:52,400 - my_app_logger - INFO - Input text: '342342342' into element: ('id', 'com.tal.kaoyan:id/login_password_edittext')
2025-12-19 09:12:52,400 - my_app_logger - INFO - Input text: '342342342' into element: ('id', 'com.tal.kaoyan:id/login_password_edittext')
2025-12-19 09:12:52,400 - my_app_logger - INFO - Input text: '342342342' into element: ('id', 'com.tal.kaoyan:id/login_password_edittext')
2025-12-19 09:12:52,902 - my_app_logger - INFO - Element found: ('id', 'com.tal.kaoyan:id/login_login_btn')
2025-12-19 09:12:52,902 - my_app_logger - INFO - Element found: ('id', 'com.tal.kaoyan:id/login_login_btn')
2025-12-19 09:12:52,902 - my_app_logger - INFO - Element found: ('id', 'com.tal.kaoyan:id/login_login_btn')
2025-12-19 09:12:52,902 - my_app_logger - INFO - Element found: ('id', 'com.tal.kaoyan:id/login_login_btn')
2025-12-19 09:12:52,902 - my_app_logger - INFO - Element found: ('id', 'com.tal.kaoyan:id/login_login_btn')
2025-12-19 09:12:52,902 - my_app_logger - INFO - Element found: ('id', 'com.tal.kaoyan:id/login_login_btn')
2025-12-19 09:12:52,997 - my_app_logger - INFO - Clicked element: ('id', 'com.tal.kaoyan:id/login_login_btn')
2025-12-19 09:12:52,997 - my_app_logger - INFO - Clicked element: ('id', 'com.tal.kaoyan:id/login_login_btn')
2025-12-19 09:12:52,997 - my_app_logger - INFO - Clicked element: ('id', 'com.tal.kaoyan:id/login_login_btn')
2025-12-19 09:12:52,997 - my_app_logger - INFO - Clicked element: ('id', 'com.tal.kaoyan:id/login_login_btn')
2025-12-19 09:12:52,997 - my_app_logger - INFO - Clicked element: ('id', 'com.tal.kaoyan:id/login_login_btn')
2025-12-19 09:12:52,997 - my_app_logger - INFO - Clicked element: ('id', 'com.tal.kaoyan:id/login_login_btn')
2025-12-19 09:12:54,096 - my_app_logger - INFO - Element found: ('xpath', '//*[contains(@text,"错误")]')
2025-12-19 09:12:54,096 - my_app_logger - INFO - Element found: ('xpath', '//*[contains(@text,"错误")]')
2025-12-19 09:12:54,096 - my_app_logger - INFO - Element found: ('xpath', '//*[contains(@text,"错误")]')
2025-12-19 09:12:54,096 - my_app_logger - INFO - Element found: ('xpath', '//*[contains(@text,"错误")]')
2025-12-19 09:12:54,096 - my_app_logger - INFO - Element found: ('xpath', '//*[contains(@text,"错误")]')
2025-12-19 09:12:54,096 - my_app_logger - INFO - Element found: ('xpath', '//*[contains(@text,"错误")]')
2025-12-19 09:12:54,197 - my_app_logger - INFO - 获取Toast消息的文本 用户名或密码错误，你还可以尝试4次 成功
2025-12-19 09:12:54,197 - my_app_logger - INFO - 获取Toast消息的文本 用户名或密码错误，你还可以尝试4次 成功
2025-12-19 09:12:54,197 - my_app_logger - INFO - 获取Toast消息的文本 用户名或密码错误，你还可以尝试4次 成功
2025-12-19 09:12:54,197 - my_app_logger - INFO - 获取Toast消息的文本 用户名或密码错误，你还可以尝试4次 成功
2025-12-19 09:12:54,197 - my_app_logger - INFO - 获取Toast消息的文本 用户名或密码错误，你还可以尝试4次 成功
2025-12-19 09:12:54,197 - my_app_logger - INFO - 获取Toast消息的文本 用户名或密码错误，你还可以尝试4次 成功
