2025-12-18 16:03:15,509 - my_app_logger - INFO - Element found: ('id', 'com.tal.kaoyan:id/login_email_edittext')
2025-12-18 16:03:16,660 - my_app_logger - INFO - Input text: 'zhangfei666' into element: ('id', 'com.tal.kaoyan:id/login_email_edittext')
2025-12-18 16:03:17,184 - my_app_logger - INFO - Element found: ('id', 'com.tal.kaoyan:id/login_password_edittext')
2025-12-18 16:03:17,794 - my_app_logger - INFO - Input text: 'zhang123' into element: ('id', 'com.tal.kaoyan:id/login_password_edittext')
2025-12-18 16:03:18,312 - my_app_logger - INFO - Element found: ('id', 'com.tal.kaoyan:id/login_login_btn')
2025-12-18 16:03:19,508 - my_app_logger - INFO - Clicked element: ('id', 'com.tal.kaoyan:id/login_login_btn')
2025-12-18 16:03:49,576 - my_app_logger - ERROR - Element not visible within 30 seconds: ('xpath', '//*[contains(@text,"我")]')
2025-12-18 16:03:49,577 - my_app_logger - ERROR - 获取Toast消息的文本失败: 'bool' object has no attribute 'text'
2025-12-18 16:03:51,395 - my_app_logger - INFO - Element found: ('id', 'com.tal.kaoyan:id/mainactivity_button_mysefl')
2025-12-18 16:03:51,540 - my_app_logger - INFO - Got text: '我' from element: ('id', 'com.tal.kaoyan:id/mainactivity_button_mysefl')
2025-12-18 16:03:51,685 - my_app_logger - INFO - Element found: ('id', 'com.tal.kaoyan:id/mainactivity_button_mysefl')
2025-12-18 16:03:51,685 - my_app_logger - INFO - Element found: ('id', 'com.tal.kaoyan:id/mainactivity_button_mysefl')
2025-12-18 16:03:51,984 - my_app_logger - INFO - Clicked element: ('id', 'com.tal.kaoyan:id/mainactivity_button_mysefl')
2025-12-18 16:03:51,984 - my_app_logger - INFO - Clicked element: ('id', 'com.tal.kaoyan:id/mainactivity_button_mysefl')
2025-12-18 16:03:53,044 - my_app_logger - INFO - Element found: ('id', 'com.tal.kaoyan:id/myapptitle_RightButton_textview')
2025-12-18 16:03:53,044 - my_app_logger - INFO - Element found: ('id', 'com.tal.kaoyan:id/myapptitle_RightButton_textview')
2025-12-18 16:03:53,044 - my_app_logger - INFO - Element found: ('id', 'com.tal.kaoyan:id/myapptitle_RightButton_textview')
2025-12-18 16:03:53,483 - my_app_logger - INFO - Clicked element: ('id', 'com.tal.kaoyan:id/myapptitle_RightButton_textview')
2025-12-18 16:03:53,483 - my_app_logger - INFO - Clicked element: ('id', 'com.tal.kaoyan:id/myapptitle_RightButton_textview')
2025-12-18 16:03:53,483 - my_app_logger - INFO - Clicked element: ('id', 'com.tal.kaoyan:id/myapptitle_RightButton_textview')
2025-12-18 16:07:19,846 - my_app_logger - INFO - Element found: ('id', 'com.tal.kaoyan:id/login_email_edittext')
2025-12-18 16:07:20,943 - my_app_logger - INFO - Input text: 'zhangfei666' into element: ('id', 'com.tal.kaoyan:id/login_email_edittext')
2025-12-18 16:07:21,458 - my_app_logger - INFO - Element found: ('id', 'com.tal.kaoyan:id/login_password_edittext')
2025-12-18 16:07:22,049 - my_app_logger - INFO - Input text: 'zhang123' into element: ('id', 'com.tal.kaoyan:id/login_password_edittext')
2025-12-18 16:07:22,556 - my_app_logger - INFO - Element found: ('id', 'com.tal.kaoyan:id/login_login_btn')
2025-12-18 16:07:22,675 - my_app_logger - INFO - Clicked element: ('id', 'com.tal.kaoyan:id/login_login_btn')
2025-12-18 16:07:50,525 - my_app_logger - INFO - Element is visible: ('xpath', '//*[contains(@text,"我")]')
2025-12-18 16:08:07,063 - my_app_logger - INFO - Element is visible: ('xpath', '//*[contains(@text,"我")]')
2025-12-18 16:21:27,608 - my_app_logger - INFO - Element found: ('id', 'com.tal.kaoyan:id/login_email_edittext')
2025-12-18 16:21:28,713 - my_app_logger - INFO - Input text: 'zhangfei666' into element: ('id', 'com.tal.kaoyan:id/login_email_edittext')
2025-12-18 16:21:29,230 - my_app_logger - INFO - Element found: ('id', 'com.tal.kaoyan:id/login_password_edittext')
2025-12-18 16:21:29,843 - my_app_logger - INFO - Input text: 'zhang123' into element: ('id', 'com.tal.kaoyan:id/login_password_edittext')
2025-12-18 16:21:30,357 - my_app_logger - INFO - Element found: ('id', 'com.tal.kaoyan:id/login_login_btn')
2025-12-18 16:21:30,483 - my_app_logger - INFO - Clicked element: ('id', 'com.tal.kaoyan:id/login_login_btn')
2025-12-18 16:21:40,874 - my_app_logger - INFO - Element found: ('id', 'com.tal.kaoyan:id/mainactivity_button_mysefl')
2025-12-18 16:21:41,008 - my_app_logger - INFO - Element found: ('id', 'com.tal.kaoyan:id/mainactivity_button_mysefl')
2025-12-18 16:21:41,058 - my_app_logger - INFO - Got text: '我' from element: ('id', 'com.tal.kaoyan:id/mainactivity_button_mysefl')
2025-12-18 16:21:41,217 - my_app_logger - INFO - Element found: ('id', 'com.tal.kaoyan:id/mainactivity_button_mysefl')
2025-12-18 16:21:41,217 - my_app_logger - INFO - Element found: ('id', 'com.tal.kaoyan:id/mainactivity_button_mysefl')
2025-12-18 16:21:41,325 - my_app_logger - INFO - Clicked element: ('id', 'com.tal.kaoyan:id/mainactivity_button_mysefl')
2025-12-18 16:21:41,325 - my_app_logger - INFO - Clicked element: ('id', 'com.tal.kaoyan:id/mainactivity_button_mysefl')
2025-12-18 16:21:42,026 - my_app_logger - INFO - Element found: ('id', 'com.tal.kaoyan:id/myapptitle_RightButton_textview')
2025-12-18 16:21:42,026 - my_app_logger - INFO - Element found: ('id', 'com.tal.kaoyan:id/myapptitle_RightButton_textview')
2025-12-18 16:21:42,026 - my_app_logger - INFO - Element found: ('id', 'com.tal.kaoyan:id/myapptitle_RightButton_textview')
2025-12-18 16:21:43,739 - my_app_logger - INFO - Clicked element: ('id', 'com.tal.kaoyan:id/myapptitle_RightButton_textview')
2025-12-18 16:21:43,739 - my_app_logger - INFO - Clicked element: ('id', 'com.tal.kaoyan:id/myapptitle_RightButton_textview')
2025-12-18 16:21:43,739 - my_app_logger - INFO - Clicked element: ('id', 'com.tal.kaoyan:id/myapptitle_RightButton_textview')
2025-12-18 16:21:43,822 - my_app_logger - INFO - Element found: ('id', 'com.tal.kaoyan:id/setting_logout_text')
2025-12-18 16:21:43,822 - my_app_logger - INFO - Element found: ('id', 'com.tal.kaoyan:id/setting_logout_text')
2025-12-18 16:21:43,822 - my_app_logger - INFO - Element found: ('id', 'com.tal.kaoyan:id/setting_logout_text')
2025-12-18 16:21:43,963 - my_app_logger - INFO - Clicked element: ('id', 'com.tal.kaoyan:id/setting_logout_text')
2025-12-18 16:21:43,963 - my_app_logger - INFO - Clicked element: ('id', 'com.tal.kaoyan:id/setting_logout_text')
2025-12-18 16:21:43,963 - my_app_logger - INFO - Clicked element: ('id', 'com.tal.kaoyan:id/setting_logout_text')
2025-12-18 16:21:44,175 - my_app_logger - INFO - Element found: ('id', 'com.tal.kaoyan:id/tip_commit')
2025-12-18 16:21:44,175 - my_app_logger - INFO - Element found: ('id', 'com.tal.kaoyan:id/tip_commit')
2025-12-18 16:21:44,175 - my_app_logger - INFO - Element found: ('id', 'com.tal.kaoyan:id/tip_commit')
2025-12-18 16:21:44,781 - my_app_logger - INFO - Clicked element: ('id', 'com.tal.kaoyan:id/tip_commit')
2025-12-18 16:21:44,781 - my_app_logger - INFO - Clicked element: ('id', 'com.tal.kaoyan:id/tip_commit')
2025-12-18 16:21:44,781 - my_app_logger - INFO - Clicked element: ('id', 'com.tal.kaoyan:id/tip_commit')
2025-12-18 16:22:10,175 - my_app_logger - INFO - Element found: ('id', 'com.tal.kaoyan:id/login_email_edittext')
2025-12-18 16:22:10,175 - my_app_logger - INFO - Element found: ('id', 'com.tal.kaoyan:id/login_email_edittext')
2025-12-18 16:22:10,175 - my_app_logger - INFO - Element found: ('id', 'com.tal.kaoyan:id/login_email_edittext')
2025-12-18 16:22:10,175 - my_app_logger - INFO - Element found: ('id', 'com.tal.kaoyan:id/login_email_edittext')
2025-12-18 16:22:10,819 - my_app_logger - INFO - Input text: '' into element: ('id', 'com.tal.kaoyan:id/login_email_edittext')
2025-12-18 16:22:10,819 - my_app_logger - INFO - Input text: '' into element: ('id', 'com.tal.kaoyan:id/login_email_edittext')
2025-12-18 16:22:10,819 - my_app_logger - INFO - Input text: '' into element: ('id', 'com.tal.kaoyan:id/login_email_edittext')
2025-12-18 16:22:10,819 - my_app_logger - INFO - Input text: '' into element: ('id', 'com.tal.kaoyan:id/login_email_edittext')
2025-12-18 16:22:11,378 - my_app_logger - INFO - Element found: ('id', 'com.tal.kaoyan:id/login_password_edittext')
2025-12-18 16:22:11,378 - my_app_logger - INFO - Element found: ('id', 'com.tal.kaoyan:id/login_password_edittext')
2025-12-18 16:22:11,378 - my_app_logger - INFO - Element found: ('id', 'com.tal.kaoyan:id/login_password_edittext')
2025-12-18 16:22:11,378 - my_app_logger - INFO - Element found: ('id', 'com.tal.kaoyan:id/login_password_edittext')
2025-12-18 16:22:12,453 - my_app_logger - INFO - Input text: 'zhang123' into element: ('id', 'com.tal.kaoyan:id/login_password_edittext')
2025-12-18 16:22:12,453 - my_app_logger - INFO - Input text: 'zhang123' into element: ('id', 'com.tal.kaoyan:id/login_password_edittext')
2025-12-18 16:22:12,453 - my_app_logger - INFO - Input text: 'zhang123' into element: ('id', 'com.tal.kaoyan:id/login_password_edittext')
2025-12-18 16:22:12,453 - my_app_logger - INFO - Input text: 'zhang123' into element: ('id', 'com.tal.kaoyan:id/login_password_edittext')
2025-12-18 16:22:12,957 - my_app_logger - INFO - Element found: ('id', 'com.tal.kaoyan:id/login_login_btn')
2025-12-18 16:22:12,957 - my_app_logger - INFO - Element found: ('id', 'com.tal.kaoyan:id/login_login_btn')
2025-12-18 16:22:12,957 - my_app_logger - INFO - Element found: ('id', 'com.tal.kaoyan:id/login_login_btn')
2025-12-18 16:22:12,957 - my_app_logger - INFO - Element found: ('id', 'com.tal.kaoyan:id/login_login_btn')
2025-12-18 16:22:13,067 - my_app_logger - INFO - Clicked element: ('id', 'com.tal.kaoyan:id/login_login_btn')
2025-12-18 16:22:13,067 - my_app_logger - INFO - Clicked element: ('id', 'com.tal.kaoyan:id/login_login_btn')
2025-12-18 16:22:13,067 - my_app_logger - INFO - Clicked element: ('id', 'com.tal.kaoyan:id/login_login_btn')
2025-12-18 16:22:13,067 - my_app_logger - INFO - Clicked element: ('id', 'com.tal.kaoyan:id/login_login_btn')
2025-12-18 16:22:43,226 - my_app_logger - ERROR - Element not found within 30 seconds: ('id', 'com.tal.kaoyan:id/mainactivity_button_mysefl')
2025-12-18 16:22:43,226 - my_app_logger - ERROR - Element not found within 30 seconds: ('id', 'com.tal.kaoyan:id/mainactivity_button_mysefl')
2025-12-18 16:22:43,226 - my_app_logger - ERROR - Element not found within 30 seconds: ('id', 'com.tal.kaoyan:id/mainactivity_button_mysefl')
2025-12-18 16:22:43,226 - my_app_logger - ERROR - Element not found within 30 seconds: ('id', 'com.tal.kaoyan:id/mainactivity_button_mysefl')
2025-12-18 16:23:13,253 - my_app_logger - ERROR - Element not visible within 30 seconds: ('xpath', '//*[contains(@text,"不能为空")]')
2025-12-18 16:23:13,253 - my_app_logger - ERROR - Element not visible within 30 seconds: ('xpath', '//*[contains(@text,"不能为空")]')
2025-12-18 16:23:13,253 - my_app_logger - ERROR - Element not visible within 30 seconds: ('xpath', '//*[contains(@text,"不能为空")]')
2025-12-18 16:23:13,253 - my_app_logger - ERROR - Element not visible within 30 seconds: ('xpath', '//*[contains(@text,"不能为空")]')
2025-12-18 16:23:13,254 - my_app_logger - ERROR - 获取Toast消息的文本失败: 'bool' object has no attribute 'text'
2025-12-18 16:23:13,254 - my_app_logger - ERROR - 获取Toast消息的文本失败: 'bool' object has no attribute 'text'
2025-12-18 16:23:13,254 - my_app_logger - ERROR - 获取Toast消息的文本失败: 'bool' object has no attribute 'text'
2025-12-18 16:23:13,254 - my_app_logger - ERROR - 获取Toast消息的文本失败: 'bool' object has no attribute 'text'
2025-12-18 16:23:38,635 - my_app_logger - INFO - Element found: ('id', 'com.tal.kaoyan:id/login_email_edittext')
2025-12-18 16:23:38,635 - my_app_logger - INFO - Element found: ('id', 'com.tal.kaoyan:id/login_email_edittext')
2025-12-18 16:23:38,635 - my_app_logger - INFO - Element found: ('id', 'com.tal.kaoyan:id/login_email_edittext')
2025-12-18 16:23:38,635 - my_app_logger - INFO - Element found: ('id', 'com.tal.kaoyan:id/login_email_edittext')
2025-12-18 16:23:38,635 - my_app_logger - INFO - Element found: ('id', 'com.tal.kaoyan:id/login_email_edittext')
2025-12-18 16:23:39,887 - my_app_logger - INFO - Input text: 'zhangfei666' into element: ('id', 'com.tal.kaoyan:id/login_email_edittext')
2025-12-18 16:23:39,887 - my_app_logger - INFO - Input text: 'zhangfei666' into element: ('id', 'com.tal.kaoyan:id/login_email_edittext')
2025-12-18 16:23:39,887 - my_app_logger - INFO - Input text: 'zhangfei666' into element: ('id', 'com.tal.kaoyan:id/login_email_edittext')
2025-12-18 16:23:39,887 - my_app_logger - INFO - Input text: 'zhangfei666' into element: ('id', 'com.tal.kaoyan:id/login_email_edittext')
2025-12-18 16:23:39,887 - my_app_logger - INFO - Input text: 'zhangfei666' into element: ('id', 'com.tal.kaoyan:id/login_email_edittext')
2025-12-18 16:23:40,425 - my_app_logger - INFO - Element found: ('id', 'com.tal.kaoyan:id/login_password_edittext')
2025-12-18 16:23:40,425 - my_app_logger - INFO - Element found: ('id', 'com.tal.kaoyan:id/login_password_edittext')
2025-12-18 16:23:40,425 - my_app_logger - INFO - Element found: ('id', 'com.tal.kaoyan:id/login_password_edittext')
2025-12-18 16:23:40,425 - my_app_logger - INFO - Element found: ('id', 'com.tal.kaoyan:id/login_password_edittext')
2025-12-18 16:23:40,425 - my_app_logger - INFO - Element found: ('id', 'com.tal.kaoyan:id/login_password_edittext')
2025-12-18 16:23:41,056 - my_app_logger - INFO - Input text: '' into element: ('id', 'com.tal.kaoyan:id/login_password_edittext')
2025-12-18 16:23:41,056 - my_app_logger - INFO - Input text: '' into element: ('id', 'com.tal.kaoyan:id/login_password_edittext')
2025-12-18 16:23:41,056 - my_app_logger - INFO - Input text: '' into element: ('id', 'com.tal.kaoyan:id/login_password_edittext')
2025-12-18 16:23:41,056 - my_app_logger - INFO - Input text: '' into element: ('id', 'com.tal.kaoyan:id/login_password_edittext')
2025-12-18 16:23:41,056 - my_app_logger - INFO - Input text: '' into element: ('id', 'com.tal.kaoyan:id/login_password_edittext')
2025-12-18 16:23:41,671 - my_app_logger - INFO - Element found: ('id', 'com.tal.kaoyan:id/login_login_btn')
2025-12-18 16:23:41,671 - my_app_logger - INFO - Element found: ('id', 'com.tal.kaoyan:id/login_login_btn')
2025-12-18 16:23:41,671 - my_app_logger - INFO - Element found: ('id', 'com.tal.kaoyan:id/login_login_btn')
2025-12-18 16:23:41,671 - my_app_logger - INFO - Element found: ('id', 'com.tal.kaoyan:id/login_login_btn')
2025-12-18 16:23:41,671 - my_app_logger - INFO - Element found: ('id', 'com.tal.kaoyan:id/login_login_btn')
2025-12-18 16:23:41,916 - my_app_logger - INFO - Clicked element: ('id', 'com.tal.kaoyan:id/login_login_btn')
2025-12-18 16:23:41,916 - my_app_logger - INFO - Clicked element: ('id', 'com.tal.kaoyan:id/login_login_btn')
2025-12-18 16:23:41,916 - my_app_logger - INFO - Clicked element: ('id', 'com.tal.kaoyan:id/login_login_btn')
2025-12-18 16:23:41,916 - my_app_logger - INFO - Clicked element: ('id', 'com.tal.kaoyan:id/login_login_btn')
2025-12-18 16:23:41,916 - my_app_logger - INFO - Clicked element: ('id', 'com.tal.kaoyan:id/login_login_btn')
2025-12-18 16:50:41,600 - my_app_logger - INFO - Element found: ('id', 'com.tal.kaoyan:id/login_email_edittext')
2025-12-18 16:50:42,252 - my_app_logger - INFO - Input text: 'zhangfei666' into element: ('id', 'com.tal.kaoyan:id/login_email_edittext')
2025-12-18 16:50:42,755 - my_app_logger - INFO - Element found: ('id', 'com.tal.kaoyan:id/login_password_edittext')
2025-12-18 16:50:43,840 - my_app_logger - INFO - Input text: 'zhang123' into element: ('id', 'com.tal.kaoyan:id/login_password_edittext')
2025-12-18 16:50:44,364 - my_app_logger - INFO - Element found: ('id', 'com.tal.kaoyan:id/login_login_btn')
2025-12-18 16:50:44,517 - my_app_logger - INFO - Clicked element: ('id', 'com.tal.kaoyan:id/login_login_btn')
2025-12-18 16:50:53,246 - my_app_logger - INFO - Element is visible: ('xpath', '//*[contains(@text,"我")]')
2025-12-18 16:50:53,320 - my_app_logger - INFO - 获取Toast消息的文本 我 成功
2025-12-18 16:50:53,473 - my_app_logger - INFO - Element found: ('id', 'com.tal.kaoyan:id/mainactivity_button_mysefl')
2025-12-18 16:50:53,473 - my_app_logger - INFO - Element found: ('id', 'com.tal.kaoyan:id/mainactivity_button_mysefl')
2025-12-18 16:50:53,600 - my_app_logger - INFO - Clicked element: ('id', 'com.tal.kaoyan:id/mainactivity_button_mysefl')
2025-12-18 16:50:53,600 - my_app_logger - INFO - Clicked element: ('id', 'com.tal.kaoyan:id/mainactivity_button_mysefl')
2025-12-18 16:50:58,662 - my_app_logger - INFO - Element found: ('id', 'com.tal.kaoyan:id/myapptitle_RightButton_textview')
2025-12-18 16:50:58,662 - my_app_logger - INFO - Element found: ('id', 'com.tal.kaoyan:id/myapptitle_RightButton_textview')
2025-12-18 16:50:58,662 - my_app_logger - INFO - Element found: ('id', 'com.tal.kaoyan:id/myapptitle_RightButton_textview')
2025-12-18 16:50:58,840 - my_app_logger - INFO - Clicked element: ('id', 'com.tal.kaoyan:id/myapptitle_RightButton_textview')
2025-12-18 16:50:58,840 - my_app_logger - INFO - Clicked element: ('id', 'com.tal.kaoyan:id/myapptitle_RightButton_textview')
2025-12-18 16:50:58,840 - my_app_logger - INFO - Clicked element: ('id', 'com.tal.kaoyan:id/myapptitle_RightButton_textview')
2025-12-18 16:51:49,554 - my_app_logger - INFO - Element found: ('id', 'com.tal.kaoyan:id/login_email_edittext')
2025-12-18 16:51:50,696 - my_app_logger - INFO - Input text: 'zhangfei666' into element: ('id', 'com.tal.kaoyan:id/login_email_edittext')
2025-12-18 16:51:51,191 - my_app_logger - INFO - Element found: ('id', 'com.tal.kaoyan:id/login_password_edittext')
2025-12-18 16:51:51,815 - my_app_logger - INFO - Input text: 'zhang123' into element: ('id', 'com.tal.kaoyan:id/login_password_edittext')
2025-12-18 16:51:52,309 - my_app_logger - INFO - Element found: ('id', 'com.tal.kaoyan:id/login_login_btn')
2025-12-18 16:51:52,427 - my_app_logger - INFO - Clicked element: ('id', 'com.tal.kaoyan:id/login_login_btn')
2025-12-18 16:52:02,146 - my_app_logger - INFO - Element is visible: ('xpath', '//*[contains(@text,"我")]')
2025-12-18 16:52:02,212 - my_app_logger - INFO - 获取Toast消息的文本 我 成功
2025-12-18 16:52:02,333 - my_app_logger - INFO - Element found: ('id', 'com.tal.kaoyan:id/mainactivity_button_mysefl')
2025-12-18 16:52:02,333 - my_app_logger - INFO - Element found: ('id', 'com.tal.kaoyan:id/mainactivity_button_mysefl')
2025-12-18 16:52:02,480 - my_app_logger - INFO - Clicked element: ('id', 'com.tal.kaoyan:id/mainactivity_button_mysefl')
2025-12-18 16:52:02,480 - my_app_logger - INFO - Clicked element: ('id', 'com.tal.kaoyan:id/mainactivity_button_mysefl')
2025-12-18 16:52:03,177 - my_app_logger - INFO - Element found: ('id', 'com.tal.kaoyan:id/myapptitle_RightButton_textview')
2025-12-18 16:52:03,177 - my_app_logger - INFO - Element found: ('id', 'com.tal.kaoyan:id/myapptitle_RightButton_textview')
2025-12-18 16:52:03,177 - my_app_logger - INFO - Element found: ('id', 'com.tal.kaoyan:id/myapptitle_RightButton_textview')
2025-12-18 16:52:03,358 - my_app_logger - INFO - Clicked element: ('id', 'com.tal.kaoyan:id/myapptitle_RightButton_textview')
2025-12-18 16:52:03,358 - my_app_logger - INFO - Clicked element: ('id', 'com.tal.kaoyan:id/myapptitle_RightButton_textview')
2025-12-18 16:52:03,358 - my_app_logger - INFO - Clicked element: ('id', 'com.tal.kaoyan:id/myapptitle_RightButton_textview')
2025-12-18 16:52:04,541 - my_app_logger - INFO - Element found: ('id', 'com.tal.kaoyan:id/setting_logout_text')
2025-12-18 16:52:04,541 - my_app_logger - INFO - Element found: ('id', 'com.tal.kaoyan:id/setting_logout_text')
2025-12-18 16:52:04,541 - my_app_logger - INFO - Element found: ('id', 'com.tal.kaoyan:id/setting_logout_text')
2025-12-18 16:52:04,802 - my_app_logger - INFO - Clicked element: ('id', 'com.tal.kaoyan:id/setting_logout_text')
2025-12-18 16:52:04,802 - my_app_logger - INFO - Clicked element: ('id', 'com.tal.kaoyan:id/setting_logout_text')
2025-12-18 16:52:04,802 - my_app_logger - INFO - Clicked element: ('id', 'com.tal.kaoyan:id/setting_logout_text')
2025-12-18 16:52:05,835 - my_app_logger - INFO - Element found: ('id', 'com.tal.kaoyan:id/tip_commit')
2025-12-18 16:52:05,835 - my_app_logger - INFO - Element found: ('id', 'com.tal.kaoyan:id/tip_commit')
2025-12-18 16:52:05,835 - my_app_logger - INFO - Element found: ('id', 'com.tal.kaoyan:id/tip_commit')
2025-12-18 16:52:05,981 - my_app_logger - INFO - Clicked element: ('id', 'com.tal.kaoyan:id/tip_commit')
2025-12-18 16:52:05,981 - my_app_logger - INFO - Clicked element: ('id', 'com.tal.kaoyan:id/tip_commit')
2025-12-18 16:52:05,981 - my_app_logger - INFO - Clicked element: ('id', 'com.tal.kaoyan:id/tip_commit')
2025-12-18 16:52:32,657 - my_app_logger - INFO - Element found: ('id', 'com.tal.kaoyan:id/login_email_edittext')
2025-12-18 16:52:32,657 - my_app_logger - INFO - Element found: ('id', 'com.tal.kaoyan:id/login_email_edittext')
2025-12-18 16:52:32,657 - my_app_logger - INFO - Element found: ('id', 'com.tal.kaoyan:id/login_email_edittext')
2025-12-18 16:52:32,657 - my_app_logger - INFO - Element found: ('id', 'com.tal.kaoyan:id/login_email_edittext')
2025-12-18 16:52:33,490 - my_app_logger - INFO - Input text: '' into element: ('id', 'com.tal.kaoyan:id/login_email_edittext')
2025-12-18 16:52:33,490 - my_app_logger - INFO - Input text: '' into element: ('id', 'com.tal.kaoyan:id/login_email_edittext')
2025-12-18 16:52:33,490 - my_app_logger - INFO - Input text: '' into element: ('id', 'com.tal.kaoyan:id/login_email_edittext')
2025-12-18 16:52:33,490 - my_app_logger - INFO - Input text: '' into element: ('id', 'com.tal.kaoyan:id/login_email_edittext')
2025-12-18 16:52:34,058 - my_app_logger - INFO - Element found: ('id', 'com.tal.kaoyan:id/login_password_edittext')
2025-12-18 16:52:34,058 - my_app_logger - INFO - Element found: ('id', 'com.tal.kaoyan:id/login_password_edittext')
2025-12-18 16:52:34,058 - my_app_logger - INFO - Element found: ('id', 'com.tal.kaoyan:id/login_password_edittext')
2025-12-18 16:52:34,058 - my_app_logger - INFO - Element found: ('id', 'com.tal.kaoyan:id/login_password_edittext')
2025-12-18 16:52:35,181 - my_app_logger - INFO - Input text: 'zhang123' into element: ('id', 'com.tal.kaoyan:id/login_password_edittext')
2025-12-18 16:52:35,181 - my_app_logger - INFO - Input text: 'zhang123' into element: ('id', 'com.tal.kaoyan:id/login_password_edittext')
2025-12-18 16:52:35,181 - my_app_logger - INFO - Input text: 'zhang123' into element: ('id', 'com.tal.kaoyan:id/login_password_edittext')
2025-12-18 16:52:35,181 - my_app_logger - INFO - Input text: 'zhang123' into element: ('id', 'com.tal.kaoyan:id/login_password_edittext')
2025-12-18 16:52:35,691 - my_app_logger - INFO - Element found: ('id', 'com.tal.kaoyan:id/login_login_btn')
2025-12-18 16:52:35,691 - my_app_logger - INFO - Element found: ('id', 'com.tal.kaoyan:id/login_login_btn')
2025-12-18 16:52:35,691 - my_app_logger - INFO - Element found: ('id', 'com.tal.kaoyan:id/login_login_btn')
2025-12-18 16:52:35,691 - my_app_logger - INFO - Element found: ('id', 'com.tal.kaoyan:id/login_login_btn')
2025-12-18 16:52:35,842 - my_app_logger - INFO - Clicked element: ('id', 'com.tal.kaoyan:id/login_login_btn')
2025-12-18 16:52:35,842 - my_app_logger - INFO - Clicked element: ('id', 'com.tal.kaoyan:id/login_login_btn')
2025-12-18 16:52:35,842 - my_app_logger - INFO - Clicked element: ('id', 'com.tal.kaoyan:id/login_login_btn')
2025-12-18 16:52:35,842 - my_app_logger - INFO - Clicked element: ('id', 'com.tal.kaoyan:id/login_login_btn')
2025-12-18 16:53:05,877 - my_app_logger - ERROR - Element not visible within 30 seconds: ('xpath', '//*[contains(@text,"不能为空")]')
2025-12-18 16:53:05,877 - my_app_logger - ERROR - Element not visible within 30 seconds: ('xpath', '//*[contains(@text,"不能为空")]')
2025-12-18 16:53:05,877 - my_app_logger - ERROR - Element not visible within 30 seconds: ('xpath', '//*[contains(@text,"不能为空")]')
2025-12-18 16:53:05,877 - my_app_logger - ERROR - Element not visible within 30 seconds: ('xpath', '//*[contains(@text,"不能为空")]')
2025-12-18 16:53:05,878 - my_app_logger - ERROR - 获取Toast消息的文本失败: 'bool' object has no attribute 'text'
2025-12-18 16:53:05,878 - my_app_logger - ERROR - 获取Toast消息的文本失败: 'bool' object has no attribute 'text'
2025-12-18 16:53:05,878 - my_app_logger - ERROR - 获取Toast消息的文本失败: 'bool' object has no attribute 'text'
2025-12-18 16:53:05,878 - my_app_logger - ERROR - 获取Toast消息的文本失败: 'bool' object has no attribute 'text'
2025-12-18 16:53:33,774 - my_app_logger - INFO - Element found: ('id', 'com.tal.kaoyan:id/login_email_edittext')
2025-12-18 16:53:33,774 - my_app_logger - INFO - Element found: ('id', 'com.tal.kaoyan:id/login_email_edittext')
2025-12-18 16:53:33,774 - my_app_logger - INFO - Element found: ('id', 'com.tal.kaoyan:id/login_email_edittext')
2025-12-18 16:53:33,774 - my_app_logger - INFO - Element found: ('id', 'com.tal.kaoyan:id/login_email_edittext')
2025-12-18 16:53:33,774 - my_app_logger - INFO - Element found: ('id', 'com.tal.kaoyan:id/login_email_edittext')
2025-12-18 16:53:34,903 - my_app_logger - INFO - Input text: 'zhangfei666' into element: ('id', 'com.tal.kaoyan:id/login_email_edittext')
2025-12-18 16:53:34,903 - my_app_logger - INFO - Input text: 'zhangfei666' into element: ('id', 'com.tal.kaoyan:id/login_email_edittext')
2025-12-18 16:53:34,903 - my_app_logger - INFO - Input text: 'zhangfei666' into element: ('id', 'com.tal.kaoyan:id/login_email_edittext')
2025-12-18 16:53:34,903 - my_app_logger - INFO - Input text: 'zhangfei666' into element: ('id', 'com.tal.kaoyan:id/login_email_edittext')
2025-12-18 16:53:34,903 - my_app_logger - INFO - Input text: 'zhangfei666' into element: ('id', 'com.tal.kaoyan:id/login_email_edittext')
2025-12-18 16:53:35,401 - my_app_logger - INFO - Element found: ('id', 'com.tal.kaoyan:id/login_password_edittext')
2025-12-18 16:53:35,401 - my_app_logger - INFO - Element found: ('id', 'com.tal.kaoyan:id/login_password_edittext')
2025-12-18 16:53:35,401 - my_app_logger - INFO - Element found: ('id', 'com.tal.kaoyan:id/login_password_edittext')
2025-12-18 16:53:35,401 - my_app_logger - INFO - Element found: ('id', 'com.tal.kaoyan:id/login_password_edittext')
2025-12-18 16:53:35,401 - my_app_logger - INFO - Element found: ('id', 'com.tal.kaoyan:id/login_password_edittext')
2025-12-18 16:53:36,483 - my_app_logger - INFO - Input text: '' into element: ('id', 'com.tal.kaoyan:id/login_password_edittext')
2025-12-18 16:53:36,483 - my_app_logger - INFO - Input text: '' into element: ('id', 'com.tal.kaoyan:id/login_password_edittext')
2025-12-18 16:53:36,483 - my_app_logger - INFO - Input text: '' into element: ('id', 'com.tal.kaoyan:id/login_password_edittext')
2025-12-18 16:53:36,483 - my_app_logger - INFO - Input text: '' into element: ('id', 'com.tal.kaoyan:id/login_password_edittext')
2025-12-18 16:53:36,483 - my_app_logger - INFO - Input text: '' into element: ('id', 'com.tal.kaoyan:id/login_password_edittext')
2025-12-18 16:53:37,004 - my_app_logger - INFO - Element found: ('id', 'com.tal.kaoyan:id/login_login_btn')
2025-12-18 16:53:37,004 - my_app_logger - INFO - Element found: ('id', 'com.tal.kaoyan:id/login_login_btn')
2025-12-18 16:53:37,004 - my_app_logger - INFO - Element found: ('id', 'com.tal.kaoyan:id/login_login_btn')
2025-12-18 16:53:37,004 - my_app_logger - INFO - Element found: ('id', 'com.tal.kaoyan:id/login_login_btn')
2025-12-18 16:53:37,004 - my_app_logger - INFO - Element found: ('id', 'com.tal.kaoyan:id/login_login_btn')
2025-12-18 16:53:37,149 - my_app_logger - INFO - Clicked element: ('id', 'com.tal.kaoyan:id/login_login_btn')
2025-12-18 16:53:37,149 - my_app_logger - INFO - Clicked element: ('id', 'com.tal.kaoyan:id/login_login_btn')
2025-12-18 16:53:37,149 - my_app_logger - INFO - Clicked element: ('id', 'com.tal.kaoyan:id/login_login_btn')
2025-12-18 16:53:37,149 - my_app_logger - INFO - Clicked element: ('id', 'com.tal.kaoyan:id/login_login_btn')
2025-12-18 16:53:37,149 - my_app_logger - INFO - Clicked element: ('id', 'com.tal.kaoyan:id/login_login_btn')
2025-12-18 16:55:38,668 - my_app_logger - INFO - Element found: ('id', 'com.tal.kaoyan:id/login_email_edittext')
2025-12-18 16:55:39,782 - my_app_logger - INFO - Input text: 'zhangfei666' into element: ('id', 'com.tal.kaoyan:id/login_email_edittext')
2025-12-18 16:55:40,294 - my_app_logger - INFO - Element found: ('id', 'com.tal.kaoyan:id/login_password_edittext')
2025-12-18 16:55:40,888 - my_app_logger - INFO - Input text: 'zhang123' into element: ('id', 'com.tal.kaoyan:id/login_password_edittext')
2025-12-18 16:55:41,371 - my_app_logger - INFO - Element found: ('id', 'com.tal.kaoyan:id/login_login_btn')
2025-12-18 16:55:41,515 - my_app_logger - INFO - Clicked element: ('id', 'com.tal.kaoyan:id/login_login_btn')
2025-12-18 16:55:54,455 - my_app_logger - INFO - Element found: ('xpath', '//*[contains(@text,"我")]')
2025-12-18 16:55:54,530 - my_app_logger - INFO - 获取Toast消息的文本 我 成功
2025-12-18 16:55:54,653 - my_app_logger - INFO - Element found: ('id', 'com.tal.kaoyan:id/mainactivity_button_mysefl')
2025-12-18 16:55:54,653 - my_app_logger - INFO - Element found: ('id', 'com.tal.kaoyan:id/mainactivity_button_mysefl')
2025-12-18 16:55:54,827 - my_app_logger - INFO - Clicked element: ('id', 'com.tal.kaoyan:id/mainactivity_button_mysefl')
2025-12-18 16:55:54,827 - my_app_logger - INFO - Clicked element: ('id', 'com.tal.kaoyan:id/mainactivity_button_mysefl')
2025-12-18 16:55:55,766 - my_app_logger - INFO - Element found: ('id', 'com.tal.kaoyan:id/myapptitle_RightButton_textview')
2025-12-18 16:55:55,766 - my_app_logger - INFO - Element found: ('id', 'com.tal.kaoyan:id/myapptitle_RightButton_textview')
2025-12-18 16:55:55,766 - my_app_logger - INFO - Element found: ('id', 'com.tal.kaoyan:id/myapptitle_RightButton_textview')
2025-12-18 16:55:55,962 - my_app_logger - INFO - Clicked element: ('id', 'com.tal.kaoyan:id/myapptitle_RightButton_textview')
2025-12-18 16:55:55,962 - my_app_logger - INFO - Clicked element: ('id', 'com.tal.kaoyan:id/myapptitle_RightButton_textview')
2025-12-18 16:55:55,962 - my_app_logger - INFO - Clicked element: ('id', 'com.tal.kaoyan:id/myapptitle_RightButton_textview')
2025-12-18 16:55:57,096 - my_app_logger - INFO - Element found: ('id', 'com.tal.kaoyan:id/setting_logout_text')
2025-12-18 16:55:57,096 - my_app_logger - INFO - Element found: ('id', 'com.tal.kaoyan:id/setting_logout_text')
2025-12-18 16:55:57,096 - my_app_logger - INFO - Element found: ('id', 'com.tal.kaoyan:id/setting_logout_text')
2025-12-18 16:55:57,234 - my_app_logger - INFO - Clicked element: ('id', 'com.tal.kaoyan:id/setting_logout_text')
2025-12-18 16:55:57,234 - my_app_logger - INFO - Clicked element: ('id', 'com.tal.kaoyan:id/setting_logout_text')
2025-12-18 16:55:57,234 - my_app_logger - INFO - Clicked element: ('id', 'com.tal.kaoyan:id/setting_logout_text')
2025-12-18 16:55:57,866 - my_app_logger - INFO - Element found: ('id', 'com.tal.kaoyan:id/tip_commit')
2025-12-18 16:55:57,866 - my_app_logger - INFO - Element found: ('id', 'com.tal.kaoyan:id/tip_commit')
2025-12-18 16:55:57,866 - my_app_logger - INFO - Element found: ('id', 'com.tal.kaoyan:id/tip_commit')
2025-12-18 16:55:57,978 - my_app_logger - INFO - Clicked element: ('id', 'com.tal.kaoyan:id/tip_commit')
2025-12-18 16:55:57,978 - my_app_logger - INFO - Clicked element: ('id', 'com.tal.kaoyan:id/tip_commit')
2025-12-18 16:55:57,978 - my_app_logger - INFO - Clicked element: ('id', 'com.tal.kaoyan:id/tip_commit')
2025-12-18 16:56:24,610 - my_app_logger - INFO - Element found: ('id', 'com.tal.kaoyan:id/login_email_edittext')
2025-12-18 16:56:24,610 - my_app_logger - INFO - Element found: ('id', 'com.tal.kaoyan:id/login_email_edittext')
2025-12-18 16:56:24,610 - my_app_logger - INFO - Element found: ('id', 'com.tal.kaoyan:id/login_email_edittext')
2025-12-18 16:56:24,610 - my_app_logger - INFO - Element found: ('id', 'com.tal.kaoyan:id/login_email_edittext')
2025-12-18 16:56:25,777 - my_app_logger - INFO - Input text: '' into element: ('id', 'com.tal.kaoyan:id/login_email_edittext')
2025-12-18 16:56:25,777 - my_app_logger - INFO - Input text: '' into element: ('id', 'com.tal.kaoyan:id/login_email_edittext')
2025-12-18 16:56:25,777 - my_app_logger - INFO - Input text: '' into element: ('id', 'com.tal.kaoyan:id/login_email_edittext')
2025-12-18 16:56:25,777 - my_app_logger - INFO - Input text: '' into element: ('id', 'com.tal.kaoyan:id/login_email_edittext')
2025-12-18 16:56:26,339 - my_app_logger - INFO - Element found: ('id', 'com.tal.kaoyan:id/login_password_edittext')
2025-12-18 16:56:26,339 - my_app_logger - INFO - Element found: ('id', 'com.tal.kaoyan:id/login_password_edittext')
2025-12-18 16:56:26,339 - my_app_logger - INFO - Element found: ('id', 'com.tal.kaoyan:id/login_password_edittext')
2025-12-18 16:56:26,339 - my_app_logger - INFO - Element found: ('id', 'com.tal.kaoyan:id/login_password_edittext')
2025-12-18 16:56:27,432 - my_app_logger - INFO - Input text: 'zhang123' into element: ('id', 'com.tal.kaoyan:id/login_password_edittext')
2025-12-18 16:56:27,432 - my_app_logger - INFO - Input text: 'zhang123' into element: ('id', 'com.tal.kaoyan:id/login_password_edittext')
2025-12-18 16:56:27,432 - my_app_logger - INFO - Input text: 'zhang123' into element: ('id', 'com.tal.kaoyan:id/login_password_edittext')
2025-12-18 16:56:27,432 - my_app_logger - INFO - Input text: 'zhang123' into element: ('id', 'com.tal.kaoyan:id/login_password_edittext')
2025-12-18 16:56:27,927 - my_app_logger - INFO - Element found: ('id', 'com.tal.kaoyan:id/login_login_btn')
2025-12-18 16:56:27,927 - my_app_logger - INFO - Element found: ('id', 'com.tal.kaoyan:id/login_login_btn')
2025-12-18 16:56:27,927 - my_app_logger - INFO - Element found: ('id', 'com.tal.kaoyan:id/login_login_btn')
2025-12-18 16:56:27,927 - my_app_logger - INFO - Element found: ('id', 'com.tal.kaoyan:id/login_login_btn')
2025-12-18 16:56:28,066 - my_app_logger - INFO - Clicked element: ('id', 'com.tal.kaoyan:id/login_login_btn')
2025-12-18 16:56:28,066 - my_app_logger - INFO - Clicked element: ('id', 'com.tal.kaoyan:id/login_login_btn')
2025-12-18 16:56:28,066 - my_app_logger - INFO - Clicked element: ('id', 'com.tal.kaoyan:id/login_login_btn')
2025-12-18 16:56:28,066 - my_app_logger - INFO - Clicked element: ('id', 'com.tal.kaoyan:id/login_login_btn')
2025-12-18 16:56:28,761 - my_app_logger - INFO - Element found: ('xpath', '//*[contains(@text,"不能为空")]')
2025-12-18 16:56:28,761 - my_app_logger - INFO - Element found: ('xpath', '//*[contains(@text,"不能为空")]')
2025-12-18 16:56:28,761 - my_app_logger - INFO - Element found: ('xpath', '//*[contains(@text,"不能为空")]')
2025-12-18 16:56:28,761 - my_app_logger - INFO - Element found: ('xpath', '//*[contains(@text,"不能为空")]')
2025-12-18 16:56:28,905 - my_app_logger - INFO - 获取Toast消息的文本 邮箱帐户密码不能为空 成功
2025-12-18 16:56:28,905 - my_app_logger - INFO - 获取Toast消息的文本 邮箱帐户密码不能为空 成功
2025-12-18 16:56:28,905 - my_app_logger - INFO - 获取Toast消息的文本 邮箱帐户密码不能为空 成功
2025-12-18 16:56:28,905 - my_app_logger - INFO - 获取Toast消息的文本 邮箱帐户密码不能为空 成功
2025-12-18 16:56:55,578 - my_app_logger - INFO - Element found: ('id', 'com.tal.kaoyan:id/login_email_edittext')
2025-12-18 16:56:55,578 - my_app_logger - INFO - Element found: ('id', 'com.tal.kaoyan:id/login_email_edittext')
2025-12-18 16:56:55,578 - my_app_logger - INFO - Element found: ('id', 'com.tal.kaoyan:id/login_email_edittext')
2025-12-18 16:56:55,578 - my_app_logger - INFO - Element found: ('id', 'com.tal.kaoyan:id/login_email_edittext')
2025-12-18 16:56:55,578 - my_app_logger - INFO - Element found: ('id', 'com.tal.kaoyan:id/login_email_edittext')
2025-12-18 16:56:57,076 - my_app_logger - INFO - Input text: 'zhangfei666' into element: ('id', 'com.tal.kaoyan:id/login_email_edittext')
2025-12-18 16:56:57,076 - my_app_logger - INFO - Input text: 'zhangfei666' into element: ('id', 'com.tal.kaoyan:id/login_email_edittext')
2025-12-18 16:56:57,076 - my_app_logger - INFO - Input text: 'zhangfei666' into element: ('id', 'com.tal.kaoyan:id/login_email_edittext')
2025-12-18 16:56:57,076 - my_app_logger - INFO - Input text: 'zhangfei666' into element: ('id', 'com.tal.kaoyan:id/login_email_edittext')
2025-12-18 16:56:57,076 - my_app_logger - INFO - Input text: 'zhangfei666' into element: ('id', 'com.tal.kaoyan:id/login_email_edittext')
2025-12-18 16:56:57,592 - my_app_logger - INFO - Element found: ('id', 'com.tal.kaoyan:id/login_password_edittext')
2025-12-18 16:56:57,592 - my_app_logger - INFO - Element found: ('id', 'com.tal.kaoyan:id/login_password_edittext')
2025-12-18 16:56:57,592 - my_app_logger - INFO - Element found: ('id', 'com.tal.kaoyan:id/login_password_edittext')
2025-12-18 16:56:57,592 - my_app_logger - INFO - Element found: ('id', 'com.tal.kaoyan:id/login_password_edittext')
2025-12-18 16:56:57,592 - my_app_logger - INFO - Element found: ('id', 'com.tal.kaoyan:id/login_password_edittext')
2025-12-18 16:56:58,206 - my_app_logger - INFO - Input text: '' into element: ('id', 'com.tal.kaoyan:id/login_password_edittext')
2025-12-18 16:56:58,206 - my_app_logger - INFO - Input text: '' into element: ('id', 'com.tal.kaoyan:id/login_password_edittext')
2025-12-18 16:56:58,206 - my_app_logger - INFO - Input text: '' into element: ('id', 'com.tal.kaoyan:id/login_password_edittext')
2025-12-18 16:56:58,206 - my_app_logger - INFO - Input text: '' into element: ('id', 'com.tal.kaoyan:id/login_password_edittext')
2025-12-18 16:56:58,206 - my_app_logger - INFO - Input text: '' into element: ('id', 'com.tal.kaoyan:id/login_password_edittext')
2025-12-18 16:57:28,233 - my_app_logger - ERROR - Element not found within 30 seconds: ('id', 'com.tal.kaoyan:id/login_login_btn')
2025-12-18 16:57:28,233 - my_app_logger - ERROR - Element not found within 30 seconds: ('id', 'com.tal.kaoyan:id/login_login_btn')
2025-12-18 16:57:28,233 - my_app_logger - ERROR - Element not found within 30 seconds: ('id', 'com.tal.kaoyan:id/login_login_btn')
2025-12-18 16:57:28,233 - my_app_logger - ERROR - Element not found within 30 seconds: ('id', 'com.tal.kaoyan:id/login_login_btn')
2025-12-18 16:57:28,233 - my_app_logger - ERROR - Element not found within 30 seconds: ('id', 'com.tal.kaoyan:id/login_login_btn')
2025-12-18 16:57:58,297 - my_app_logger - ERROR - Element not found within 30 seconds: ('xpath', '//*[contains(@text,"不能为空")]')
2025-12-18 16:57:58,297 - my_app_logger - ERROR - Element not found within 30 seconds: ('xpath', '//*[contains(@text,"不能为空")]')
2025-12-18 16:57:58,297 - my_app_logger - ERROR - Element not found within 30 seconds: ('xpath', '//*[contains(@text,"不能为空")]')
2025-12-18 16:57:58,297 - my_app_logger - ERROR - Element not found within 30 seconds: ('xpath', '//*[contains(@text,"不能为空")]')
2025-12-18 16:57:58,297 - my_app_logger - ERROR - Element not found within 30 seconds: ('xpath', '//*[contains(@text,"不能为空")]')
2025-12-18 16:57:58,298 - my_app_logger - ERROR - 获取Toast消息的文本失败: 'NoneType' object has no attribute 'text'
2025-12-18 16:57:58,298 - my_app_logger - ERROR - 获取Toast消息的文本失败: 'NoneType' object has no attribute 'text'
2025-12-18 16:57:58,298 - my_app_logger - ERROR - 获取Toast消息的文本失败: 'NoneType' object has no attribute 'text'
2025-12-18 16:57:58,298 - my_app_logger - ERROR - 获取Toast消息的文本失败: 'NoneType' object has no attribute 'text'
2025-12-18 16:57:58,298 - my_app_logger - ERROR - 获取Toast消息的文本失败: 'NoneType' object has no attribute 'text'
2025-12-18 16:58:24,657 - my_app_logger - INFO - Element found: ('id', 'com.tal.kaoyan:id/login_email_edittext')
2025-12-18 16:58:24,657 - my_app_logger - INFO - Element found: ('id', 'com.tal.kaoyan:id/login_email_edittext')
2025-12-18 16:58:24,657 - my_app_logger - INFO - Element found: ('id', 'com.tal.kaoyan:id/login_email_edittext')
2025-12-18 16:58:24,657 - my_app_logger - INFO - Element found: ('id', 'com.tal.kaoyan:id/login_email_edittext')
2025-12-18 16:58:24,657 - my_app_logger - INFO - Element found: ('id', 'com.tal.kaoyan:id/login_email_edittext')
2025-12-18 16:58:24,657 - my_app_logger - INFO - Element found: ('id', 'com.tal.kaoyan:id/login_email_edittext')
2025-12-18 16:58:25,353 - my_app_logger - INFO - Input text: 'zhangfei666' into element: ('id', 'com.tal.kaoyan:id/login_email_edittext')
2025-12-18 16:58:25,353 - my_app_logger - INFO - Input text: 'zhangfei666' into element: ('id', 'com.tal.kaoyan:id/login_email_edittext')
2025-12-18 16:58:25,353 - my_app_logger - INFO - Input text: 'zhangfei666' into element: ('id', 'com.tal.kaoyan:id/login_email_edittext')
2025-12-18 16:58:25,353 - my_app_logger - INFO - Input text: 'zhangfei666' into element: ('id', 'com.tal.kaoyan:id/login_email_edittext')
2025-12-18 16:58:25,353 - my_app_logger - INFO - Input text: 'zhangfei666' into element: ('id', 'com.tal.kaoyan:id/login_email_edittext')
2025-12-18 16:58:25,353 - my_app_logger - INFO - Input text: 'zhangfei666' into element: ('id', 'com.tal.kaoyan:id/login_email_edittext')
2025-12-18 16:58:25,866 - my_app_logger - INFO - Element found: ('id', 'com.tal.kaoyan:id/login_password_edittext')
2025-12-18 16:58:25,866 - my_app_logger - INFO - Element found: ('id', 'com.tal.kaoyan:id/login_password_edittext')
2025-12-18 16:58:25,866 - my_app_logger - INFO - Element found: ('id', 'com.tal.kaoyan:id/login_password_edittext')
2025-12-18 16:58:25,866 - my_app_logger - INFO - Element found: ('id', 'com.tal.kaoyan:id/login_password_edittext')
2025-12-18 16:58:25,866 - my_app_logger - INFO - Element found: ('id', 'com.tal.kaoyan:id/login_password_edittext')
2025-12-18 16:58:25,866 - my_app_logger - INFO - Element found: ('id', 'com.tal.kaoyan:id/login_password_edittext')
2025-12-18 16:58:26,494 - my_app_logger - INFO - Input text: '342342342' into element: ('id', 'com.tal.kaoyan:id/login_password_edittext')
2025-12-18 16:58:26,494 - my_app_logger - INFO - Input text: '342342342' into element: ('id', 'com.tal.kaoyan:id/login_password_edittext')
2025-12-18 16:58:26,494 - my_app_logger - INFO - Input text: '342342342' into element: ('id', 'com.tal.kaoyan:id/login_password_edittext')
2025-12-18 16:58:26,494 - my_app_logger - INFO - Input text: '342342342' into element: ('id', 'com.tal.kaoyan:id/login_password_edittext')
2025-12-18 16:58:26,494 - my_app_logger - INFO - Input text: '342342342' into element: ('id', 'com.tal.kaoyan:id/login_password_edittext')
2025-12-18 16:58:26,494 - my_app_logger - INFO - Input text: '342342342' into element: ('id', 'com.tal.kaoyan:id/login_password_edittext')
2025-12-18 16:58:26,963 - my_app_logger - INFO - Element found: ('id', 'com.tal.kaoyan:id/login_login_btn')
2025-12-18 16:58:26,963 - my_app_logger - INFO - Element found: ('id', 'com.tal.kaoyan:id/login_login_btn')
2025-12-18 16:58:26,963 - my_app_logger - INFO - Element found: ('id', 'com.tal.kaoyan:id/login_login_btn')
2025-12-18 16:58:26,963 - my_app_logger - INFO - Element found: ('id', 'com.tal.kaoyan:id/login_login_btn')
2025-12-18 16:58:26,963 - my_app_logger - INFO - Element found: ('id', 'com.tal.kaoyan:id/login_login_btn')
2025-12-18 16:58:26,963 - my_app_logger - INFO - Element found: ('id', 'com.tal.kaoyan:id/login_login_btn')
2025-12-18 16:58:27,077 - my_app_logger - INFO - Clicked element: ('id', 'com.tal.kaoyan:id/login_login_btn')
2025-12-18 16:58:27,077 - my_app_logger - INFO - Clicked element: ('id', 'com.tal.kaoyan:id/login_login_btn')
2025-12-18 16:58:27,077 - my_app_logger - INFO - Clicked element: ('id', 'com.tal.kaoyan:id/login_login_btn')
2025-12-18 16:58:27,077 - my_app_logger - INFO - Clicked element: ('id', 'com.tal.kaoyan:id/login_login_btn')
2025-12-18 16:58:27,077 - my_app_logger - INFO - Clicked element: ('id', 'com.tal.kaoyan:id/login_login_btn')
2025-12-18 16:58:27,077 - my_app_logger - INFO - Clicked element: ('id', 'com.tal.kaoyan:id/login_login_btn')
2025-12-18 16:58:28,277 - my_app_logger - INFO - Element found: ('xpath', '//*[contains(@text,"错误")]')
2025-12-18 16:58:28,277 - my_app_logger - INFO - Element found: ('xpath', '//*[contains(@text,"错误")]')
2025-12-18 16:58:28,277 - my_app_logger - INFO - Element found: ('xpath', '//*[contains(@text,"错误")]')
2025-12-18 16:58:28,277 - my_app_logger - INFO - Element found: ('xpath', '//*[contains(@text,"错误")]')
2025-12-18 16:58:28,277 - my_app_logger - INFO - Element found: ('xpath', '//*[contains(@text,"错误")]')
2025-12-18 16:58:28,277 - my_app_logger - INFO - Element found: ('xpath', '//*[contains(@text,"错误")]')
2025-12-18 16:58:28,390 - my_app_logger - INFO - 获取Toast消息的文本 用户名或密码错误，你还可以尝试4次 成功
2025-12-18 16:58:28,390 - my_app_logger - INFO - 获取Toast消息的文本 用户名或密码错误，你还可以尝试4次 成功
2025-12-18 16:58:28,390 - my_app_logger - INFO - 获取Toast消息的文本 用户名或密码错误，你还可以尝试4次 成功
2025-12-18 16:58:28,390 - my_app_logger - INFO - 获取Toast消息的文本 用户名或密码错误，你还可以尝试4次 成功
2025-12-18 16:58:28,390 - my_app_logger - INFO - 获取Toast消息的文本 用户名或密码错误，你还可以尝试4次 成功
2025-12-18 16:58:28,390 - my_app_logger - INFO - 获取Toast消息的文本 用户名或密码错误，你还可以尝试4次 成功
2025-12-18 17:04:07,607 - my_app_logger - INFO - Element found: ('id', 'com.tal.kaoyan:id/login_email_edittext')
2025-12-18 17:04:08,744 - my_app_logger - INFO - Input text: 'zhangfei666' into element: ('id', 'com.tal.kaoyan:id/login_email_edittext')
2025-12-18 17:04:09,236 - my_app_logger - INFO - Element found: ('id', 'com.tal.kaoyan:id/login_password_edittext')
2025-12-18 17:04:09,861 - my_app_logger - INFO - Input text: 'zhang123' into element: ('id', 'com.tal.kaoyan:id/login_password_edittext')
2025-12-18 17:04:10,348 - my_app_logger - INFO - Element found: ('id', 'com.tal.kaoyan:id/login_login_btn')
2025-12-18 17:04:11,329 - my_app_logger - INFO - Clicked element: ('id', 'com.tal.kaoyan:id/login_login_btn')
2025-12-18 17:04:19,215 - my_app_logger - INFO - Element found: ('xpath', '//*[contains(@text,"我")]')
2025-12-18 17:04:19,416 - my_app_logger - INFO - 获取Toast消息的文本 我 成功
2025-12-18 17:04:19,536 - my_app_logger - INFO - Element found: ('id', 'com.tal.kaoyan:id/mainactivity_button_mysefl')
2025-12-18 17:04:19,536 - my_app_logger - INFO - Element found: ('id', 'com.tal.kaoyan:id/mainactivity_button_mysefl')
2025-12-18 17:04:19,686 - my_app_logger - INFO - Clicked element: ('id', 'com.tal.kaoyan:id/mainactivity_button_mysefl')
2025-12-18 17:04:19,686 - my_app_logger - INFO - Clicked element: ('id', 'com.tal.kaoyan:id/mainactivity_button_mysefl')
2025-12-18 17:04:20,312 - my_app_logger - INFO - Element found: ('id', 'com.tal.kaoyan:id/myapptitle_RightButton_textview')
2025-12-18 17:04:20,312 - my_app_logger - INFO - Element found: ('id', 'com.tal.kaoyan:id/myapptitle_RightButton_textview')
2025-12-18 17:04:20,312 - my_app_logger - INFO - Element found: ('id', 'com.tal.kaoyan:id/myapptitle_RightButton_textview')
2025-12-18 17:04:20,409 - my_app_logger - INFO - Clicked element: ('id', 'com.tal.kaoyan:id/myapptitle_RightButton_textview')
2025-12-18 17:04:20,409 - my_app_logger - INFO - Clicked element: ('id', 'com.tal.kaoyan:id/myapptitle_RightButton_textview')
2025-12-18 17:04:20,409 - my_app_logger - INFO - Clicked element: ('id', 'com.tal.kaoyan:id/myapptitle_RightButton_textview')
2025-12-18 17:04:21,636 - my_app_logger - INFO - Element found: ('id', 'com.tal.kaoyan:id/setting_logout_text')
2025-12-18 17:04:21,636 - my_app_logger - INFO - Element found: ('id', 'com.tal.kaoyan:id/setting_logout_text')
2025-12-18 17:04:21,636 - my_app_logger - INFO - Element found: ('id', 'com.tal.kaoyan:id/setting_logout_text')
2025-12-18 17:04:21,758 - my_app_logger - INFO - Clicked element: ('id', 'com.tal.kaoyan:id/setting_logout_text')
2025-12-18 17:04:21,758 - my_app_logger - INFO - Clicked element: ('id', 'com.tal.kaoyan:id/setting_logout_text')
2025-12-18 17:04:21,758 - my_app_logger - INFO - Clicked element: ('id', 'com.tal.kaoyan:id/setting_logout_text')
2025-12-18 17:04:22,395 - my_app_logger - INFO - Element found: ('id', 'com.tal.kaoyan:id/tip_commit')
2025-12-18 17:04:22,395 - my_app_logger - INFO - Element found: ('id', 'com.tal.kaoyan:id/tip_commit')
2025-12-18 17:04:22,395 - my_app_logger - INFO - Element found: ('id', 'com.tal.kaoyan:id/tip_commit')
2025-12-18 17:04:22,606 - my_app_logger - INFO - Clicked element: ('id', 'com.tal.kaoyan:id/tip_commit')
2025-12-18 17:04:22,606 - my_app_logger - INFO - Clicked element: ('id', 'com.tal.kaoyan:id/tip_commit')
2025-12-18 17:04:22,606 - my_app_logger - INFO - Clicked element: ('id', 'com.tal.kaoyan:id/tip_commit')
2025-12-18 17:04:48,688 - my_app_logger - INFO - Element found: ('id', 'com.tal.kaoyan:id/login_email_edittext')
2025-12-18 17:04:48,688 - my_app_logger - INFO - Element found: ('id', 'com.tal.kaoyan:id/login_email_edittext')
2025-12-18 17:04:48,688 - my_app_logger - INFO - Element found: ('id', 'com.tal.kaoyan:id/login_email_edittext')
2025-12-18 17:04:48,688 - my_app_logger - INFO - Element found: ('id', 'com.tal.kaoyan:id/login_email_edittext')
2025-12-18 17:04:49,835 - my_app_logger - INFO - Input text: '' into element: ('id', 'com.tal.kaoyan:id/login_email_edittext')
2025-12-18 17:04:49,835 - my_app_logger - INFO - Input text: '' into element: ('id', 'com.tal.kaoyan:id/login_email_edittext')
2025-12-18 17:04:49,835 - my_app_logger - INFO - Input text: '' into element: ('id', 'com.tal.kaoyan:id/login_email_edittext')
2025-12-18 17:04:49,835 - my_app_logger - INFO - Input text: '' into element: ('id', 'com.tal.kaoyan:id/login_email_edittext')
2025-12-18 17:04:50,330 - my_app_logger - INFO - Element found: ('id', 'com.tal.kaoyan:id/login_password_edittext')
2025-12-18 17:04:50,330 - my_app_logger - INFO - Element found: ('id', 'com.tal.kaoyan:id/login_password_edittext')
2025-12-18 17:04:50,330 - my_app_logger - INFO - Element found: ('id', 'com.tal.kaoyan:id/login_password_edittext')
2025-12-18 17:04:50,330 - my_app_logger - INFO - Element found: ('id', 'com.tal.kaoyan:id/login_password_edittext')
2025-12-18 17:04:51,406 - my_app_logger - INFO - Input text: 'zhang123' into element: ('id', 'com.tal.kaoyan:id/login_password_edittext')
2025-12-18 17:04:51,406 - my_app_logger - INFO - Input text: 'zhang123' into element: ('id', 'com.tal.kaoyan:id/login_password_edittext')
2025-12-18 17:04:51,406 - my_app_logger - INFO - Input text: 'zhang123' into element: ('id', 'com.tal.kaoyan:id/login_password_edittext')
2025-12-18 17:04:51,406 - my_app_logger - INFO - Input text: 'zhang123' into element: ('id', 'com.tal.kaoyan:id/login_password_edittext')
2025-12-18 17:04:51,930 - my_app_logger - INFO - Element found: ('id', 'com.tal.kaoyan:id/login_login_btn')
2025-12-18 17:04:51,930 - my_app_logger - INFO - Element found: ('id', 'com.tal.kaoyan:id/login_login_btn')
2025-12-18 17:04:51,930 - my_app_logger - INFO - Element found: ('id', 'com.tal.kaoyan:id/login_login_btn')
2025-12-18 17:04:51,930 - my_app_logger - INFO - Element found: ('id', 'com.tal.kaoyan:id/login_login_btn')
2025-12-18 17:04:52,058 - my_app_logger - INFO - Clicked element: ('id', 'com.tal.kaoyan:id/login_login_btn')
2025-12-18 17:04:52,058 - my_app_logger - INFO - Clicked element: ('id', 'com.tal.kaoyan:id/login_login_btn')
2025-12-18 17:04:52,058 - my_app_logger - INFO - Clicked element: ('id', 'com.tal.kaoyan:id/login_login_btn')
2025-12-18 17:04:52,058 - my_app_logger - INFO - Clicked element: ('id', 'com.tal.kaoyan:id/login_login_btn')
2025-12-18 17:04:52,767 - my_app_logger - INFO - Element found: ('xpath', '//*[contains(@text,"不能为空")]')
2025-12-18 17:04:52,767 - my_app_logger - INFO - Element found: ('xpath', '//*[contains(@text,"不能为空")]')
2025-12-18 17:04:52,767 - my_app_logger - INFO - Element found: ('xpath', '//*[contains(@text,"不能为空")]')
2025-12-18 17:04:52,767 - my_app_logger - INFO - Element found: ('xpath', '//*[contains(@text,"不能为空")]')
2025-12-18 17:04:52,920 - my_app_logger - INFO - 获取Toast消息的文本 邮箱帐户密码不能为空 成功
2025-12-18 17:04:52,920 - my_app_logger - INFO - 获取Toast消息的文本 邮箱帐户密码不能为空 成功
2025-12-18 17:04:52,920 - my_app_logger - INFO - 获取Toast消息的文本 邮箱帐户密码不能为空 成功
2025-12-18 17:04:52,920 - my_app_logger - INFO - 获取Toast消息的文本 邮箱帐户密码不能为空 成功
2025-12-18 17:05:17,377 - my_app_logger - INFO - Element found: ('id', 'com.tal.kaoyan:id/login_email_edittext')
2025-12-18 17:05:17,377 - my_app_logger - INFO - Element found: ('id', 'com.tal.kaoyan:id/login_email_edittext')
2025-12-18 17:05:17,377 - my_app_logger - INFO - Element found: ('id', 'com.tal.kaoyan:id/login_email_edittext')
2025-12-18 17:05:17,377 - my_app_logger - INFO - Element found: ('id', 'com.tal.kaoyan:id/login_email_edittext')
2025-12-18 17:05:17,377 - my_app_logger - INFO - Element found: ('id', 'com.tal.kaoyan:id/login_email_edittext')
2025-12-18 17:05:18,502 - my_app_logger - INFO - Input text: 'zhangfei666' into element: ('id', 'com.tal.kaoyan:id/login_email_edittext')
2025-12-18 17:05:18,502 - my_app_logger - INFO - Input text: 'zhangfei666' into element: ('id', 'com.tal.kaoyan:id/login_email_edittext')
2025-12-18 17:05:18,502 - my_app_logger - INFO - Input text: 'zhangfei666' into element: ('id', 'com.tal.kaoyan:id/login_email_edittext')
2025-12-18 17:05:18,502 - my_app_logger - INFO - Input text: 'zhangfei666' into element: ('id', 'com.tal.kaoyan:id/login_email_edittext')
2025-12-18 17:05:18,502 - my_app_logger - INFO - Input text: 'zhangfei666' into element: ('id', 'com.tal.kaoyan:id/login_email_edittext')
2025-12-18 17:05:19,011 - my_app_logger - INFO - Element found: ('id', 'com.tal.kaoyan:id/login_password_edittext')
2025-12-18 17:05:19,011 - my_app_logger - INFO - Element found: ('id', 'com.tal.kaoyan:id/login_password_edittext')
2025-12-18 17:05:19,011 - my_app_logger - INFO - Element found: ('id', 'com.tal.kaoyan:id/login_password_edittext')
2025-12-18 17:05:19,011 - my_app_logger - INFO - Element found: ('id', 'com.tal.kaoyan:id/login_password_edittext')
2025-12-18 17:05:19,011 - my_app_logger - INFO - Element found: ('id', 'com.tal.kaoyan:id/login_password_edittext')
2025-12-18 17:05:20,094 - my_app_logger - INFO - Input text: '' into element: ('id', 'com.tal.kaoyan:id/login_password_edittext')
2025-12-18 17:05:20,094 - my_app_logger - INFO - Input text: '' into element: ('id', 'com.tal.kaoyan:id/login_password_edittext')
2025-12-18 17:05:20,094 - my_app_logger - INFO - Input text: '' into element: ('id', 'com.tal.kaoyan:id/login_password_edittext')
2025-12-18 17:05:20,094 - my_app_logger - INFO - Input text: '' into element: ('id', 'com.tal.kaoyan:id/login_password_edittext')
2025-12-18 17:05:20,094 - my_app_logger - INFO - Input text: '' into element: ('id', 'com.tal.kaoyan:id/login_password_edittext')
2025-12-18 17:05:20,605 - my_app_logger - INFO - Element found: ('id', 'com.tal.kaoyan:id/login_login_btn')
2025-12-18 17:05:20,605 - my_app_logger - INFO - Element found: ('id', 'com.tal.kaoyan:id/login_login_btn')
2025-12-18 17:05:20,605 - my_app_logger - INFO - Element found: ('id', 'com.tal.kaoyan:id/login_login_btn')
2025-12-18 17:05:20,605 - my_app_logger - INFO - Element found: ('id', 'com.tal.kaoyan:id/login_login_btn')
2025-12-18 17:05:20,605 - my_app_logger - INFO - Element found: ('id', 'com.tal.kaoyan:id/login_login_btn')
2025-12-18 17:05:20,782 - my_app_logger - INFO - Clicked element: ('id', 'com.tal.kaoyan:id/login_login_btn')
2025-12-18 17:05:20,782 - my_app_logger - INFO - Clicked element: ('id', 'com.tal.kaoyan:id/login_login_btn')
2025-12-18 17:05:20,782 - my_app_logger - INFO - Clicked element: ('id', 'com.tal.kaoyan:id/login_login_btn')
2025-12-18 17:05:20,782 - my_app_logger - INFO - Clicked element: ('id', 'com.tal.kaoyan:id/login_login_btn')
2025-12-18 17:05:20,782 - my_app_logger - INFO - Clicked element: ('id', 'com.tal.kaoyan:id/login_login_btn')
2025-12-18 17:05:21,434 - my_app_logger - INFO - Element found: ('xpath', '//*[contains(@text,"不能为空")]')
2025-12-18 17:05:21,434 - my_app_logger - INFO - Element found: ('xpath', '//*[contains(@text,"不能为空")]')
2025-12-18 17:05:21,434 - my_app_logger - INFO - Element found: ('xpath', '//*[contains(@text,"不能为空")]')
2025-12-18 17:05:21,434 - my_app_logger - INFO - Element found: ('xpath', '//*[contains(@text,"不能为空")]')
2025-12-18 17:05:21,434 - my_app_logger - INFO - Element found: ('xpath', '//*[contains(@text,"不能为空")]')
2025-12-18 17:05:21,555 - my_app_logger - INFO - 获取Toast消息的文本 邮箱帐户密码不能为空 成功
2025-12-18 17:05:21,555 - my_app_logger - INFO - 获取Toast消息的文本 邮箱帐户密码不能为空 成功
2025-12-18 17:05:21,555 - my_app_logger - INFO - 获取Toast消息的文本 邮箱帐户密码不能为空 成功
2025-12-18 17:05:21,555 - my_app_logger - INFO - 获取Toast消息的文本 邮箱帐户密码不能为空 成功
2025-12-18 17:05:21,555 - my_app_logger - INFO - 获取Toast消息的文本 邮箱帐户密码不能为空 成功
2025-12-18 17:05:45,831 - my_app_logger - INFO - Element found: ('id', 'com.tal.kaoyan:id/login_email_edittext')
2025-12-18 17:05:45,831 - my_app_logger - INFO - Element found: ('id', 'com.tal.kaoyan:id/login_email_edittext')
2025-12-18 17:05:45,831 - my_app_logger - INFO - Element found: ('id', 'com.tal.kaoyan:id/login_email_edittext')
2025-12-18 17:05:45,831 - my_app_logger - INFO - Element found: ('id', 'com.tal.kaoyan:id/login_email_edittext')
2025-12-18 17:05:45,831 - my_app_logger - INFO - Element found: ('id', 'com.tal.kaoyan:id/login_email_edittext')
2025-12-18 17:05:45,831 - my_app_logger - INFO - Element found: ('id', 'com.tal.kaoyan:id/login_email_edittext')
2025-12-18 17:05:46,491 - my_app_logger - INFO - Input text: 'zhangfei666' into element: ('id', 'com.tal.kaoyan:id/login_email_edittext')
2025-12-18 17:05:46,491 - my_app_logger - INFO - Input text: 'zhangfei666' into element: ('id', 'com.tal.kaoyan:id/login_email_edittext')
2025-12-18 17:05:46,491 - my_app_logger - INFO - Input text: 'zhangfei666' into element: ('id', 'com.tal.kaoyan:id/login_email_edittext')
2025-12-18 17:05:46,491 - my_app_logger - INFO - Input text: 'zhangfei666' into element: ('id', 'com.tal.kaoyan:id/login_email_edittext')
2025-12-18 17:05:46,491 - my_app_logger - INFO - Input text: 'zhangfei666' into element: ('id', 'com.tal.kaoyan:id/login_email_edittext')
2025-12-18 17:05:46,491 - my_app_logger - INFO - Input text: 'zhangfei666' into element: ('id', 'com.tal.kaoyan:id/login_email_edittext')
2025-12-18 17:05:47,019 - my_app_logger - INFO - Element found: ('id', 'com.tal.kaoyan:id/login_password_edittext')
2025-12-18 17:05:47,019 - my_app_logger - INFO - Element found: ('id', 'com.tal.kaoyan:id/login_password_edittext')
2025-12-18 17:05:47,019 - my_app_logger - INFO - Element found: ('id', 'com.tal.kaoyan:id/login_password_edittext')
2025-12-18 17:05:47,019 - my_app_logger - INFO - Element found: ('id', 'com.tal.kaoyan:id/login_password_edittext')
2025-12-18 17:05:47,019 - my_app_logger - INFO - Element found: ('id', 'com.tal.kaoyan:id/login_password_edittext')
2025-12-18 17:05:47,019 - my_app_logger - INFO - Element found: ('id', 'com.tal.kaoyan:id/login_password_edittext')
2025-12-18 17:05:47,652 - my_app_logger - INFO - Input text: '342342342' into element: ('id', 'com.tal.kaoyan:id/login_password_edittext')
2025-12-18 17:05:47,652 - my_app_logger - INFO - Input text: '342342342' into element: ('id', 'com.tal.kaoyan:id/login_password_edittext')
2025-12-18 17:05:47,652 - my_app_logger - INFO - Input text: '342342342' into element: ('id', 'com.tal.kaoyan:id/login_password_edittext')
2025-12-18 17:05:47,652 - my_app_logger - INFO - Input text: '342342342' into element: ('id', 'com.tal.kaoyan:id/login_password_edittext')
2025-12-18 17:05:47,652 - my_app_logger - INFO - Input text: '342342342' into element: ('id', 'com.tal.kaoyan:id/login_password_edittext')
2025-12-18 17:05:47,652 - my_app_logger - INFO - Input text: '342342342' into element: ('id', 'com.tal.kaoyan:id/login_password_edittext')
2025-12-18 17:05:48,124 - my_app_logger - INFO - Element found: ('id', 'com.tal.kaoyan:id/login_login_btn')
2025-12-18 17:05:48,124 - my_app_logger - INFO - Element found: ('id', 'com.tal.kaoyan:id/login_login_btn')
2025-12-18 17:05:48,124 - my_app_logger - INFO - Element found: ('id', 'com.tal.kaoyan:id/login_login_btn')
2025-12-18 17:05:48,124 - my_app_logger - INFO - Element found: ('id', 'com.tal.kaoyan:id/login_login_btn')
2025-12-18 17:05:48,124 - my_app_logger - INFO - Element found: ('id', 'com.tal.kaoyan:id/login_login_btn')
2025-12-18 17:05:48,124 - my_app_logger - INFO - Element found: ('id', 'com.tal.kaoyan:id/login_login_btn')
2025-12-18 17:05:48,291 - my_app_logger - INFO - Clicked element: ('id', 'com.tal.kaoyan:id/login_login_btn')
2025-12-18 17:05:48,291 - my_app_logger - INFO - Clicked element: ('id', 'com.tal.kaoyan:id/login_login_btn')
2025-12-18 17:05:48,291 - my_app_logger - INFO - Clicked element: ('id', 'com.tal.kaoyan:id/login_login_btn')
2025-12-18 17:05:48,291 - my_app_logger - INFO - Clicked element: ('id', 'com.tal.kaoyan:id/login_login_btn')
2025-12-18 17:05:48,291 - my_app_logger - INFO - Clicked element: ('id', 'com.tal.kaoyan:id/login_login_btn')
2025-12-18 17:05:48,291 - my_app_logger - INFO - Clicked element: ('id', 'com.tal.kaoyan:id/login_login_btn')
2025-12-18 17:05:49,514 - my_app_logger - INFO - Element found: ('xpath', '//*[contains(@text,"错误")]')
2025-12-18 17:05:49,514 - my_app_logger - INFO - Element found: ('xpath', '//*[contains(@text,"错误")]')
2025-12-18 17:05:49,514 - my_app_logger - INFO - Element found: ('xpath', '//*[contains(@text,"错误")]')
2025-12-18 17:05:49,514 - my_app_logger - INFO - Element found: ('xpath', '//*[contains(@text,"错误")]')
2025-12-18 17:05:49,514 - my_app_logger - INFO - Element found: ('xpath', '//*[contains(@text,"错误")]')
2025-12-18 17:05:49,514 - my_app_logger - INFO - Element found: ('xpath', '//*[contains(@text,"错误")]')
2025-12-18 17:05:49,642 - my_app_logger - INFO - 获取Toast消息的文本 用户名或密码错误，你还可以尝试3次 成功
2025-12-18 17:05:49,642 - my_app_logger - INFO - 获取Toast消息的文本 用户名或密码错误，你还可以尝试3次 成功
2025-12-18 17:05:49,642 - my_app_logger - INFO - 获取Toast消息的文本 用户名或密码错误，你还可以尝试3次 成功
2025-12-18 17:05:49,642 - my_app_logger - INFO - 获取Toast消息的文本 用户名或密码错误，你还可以尝试3次 成功
2025-12-18 17:05:49,642 - my_app_logger - INFO - 获取Toast消息的文本 用户名或密码错误，你还可以尝试3次 成功
2025-12-18 17:05:49,642 - my_app_logger - INFO - 获取Toast消息的文本 用户名或密码错误，你还可以尝试3次 成功
2025-12-18 17:07:08,571 - my_app_logger - INFO - Element found: ('id', 'com.tal.kaoyan:id/login_email_edittext')
2025-12-18 17:07:09,690 - my_app_logger - INFO - Input text: 'zhangfei666' into element: ('id', 'com.tal.kaoyan:id/login_email_edittext')
2025-12-18 17:07:10,202 - my_app_logger - INFO - Element found: ('id', 'com.tal.kaoyan:id/login_password_edittext')
2025-12-18 17:07:11,296 - my_app_logger - INFO - Input text: 'zhang123' into element: ('id', 'com.tal.kaoyan:id/login_password_edittext')
2025-12-18 17:07:11,801 - my_app_logger - INFO - Element found: ('id', 'com.tal.kaoyan:id/login_login_btn')
2025-12-18 17:07:12,911 - my_app_logger - INFO - Clicked element: ('id', 'com.tal.kaoyan:id/login_login_btn')
2025-12-18 17:07:24,496 - my_app_logger - INFO - Element found: ('xpath', '//*[contains(@text,"我")]')
2025-12-18 17:07:24,674 - my_app_logger - INFO - 获取Toast消息的文本 我 成功
2025-12-18 17:07:24,845 - my_app_logger - INFO - Element found: ('id', 'com.tal.kaoyan:id/mainactivity_button_mysefl')
2025-12-18 17:07:24,845 - my_app_logger - INFO - Element found: ('id', 'com.tal.kaoyan:id/mainactivity_button_mysefl')
2025-12-18 17:07:25,004 - my_app_logger - INFO - Clicked element: ('id', 'com.tal.kaoyan:id/mainactivity_button_mysefl')
2025-12-18 17:07:25,004 - my_app_logger - INFO - Clicked element: ('id', 'com.tal.kaoyan:id/mainactivity_button_mysefl')
2025-12-18 17:07:25,614 - my_app_logger - INFO - Element found: ('id', 'com.tal.kaoyan:id/myapptitle_RightButton_textview')
2025-12-18 17:07:25,614 - my_app_logger - INFO - Element found: ('id', 'com.tal.kaoyan:id/myapptitle_RightButton_textview')
2025-12-18 17:07:25,614 - my_app_logger - INFO - Element found: ('id', 'com.tal.kaoyan:id/myapptitle_RightButton_textview')
2025-12-18 17:07:25,730 - my_app_logger - INFO - Clicked element: ('id', 'com.tal.kaoyan:id/myapptitle_RightButton_textview')
2025-12-18 17:07:25,730 - my_app_logger - INFO - Clicked element: ('id', 'com.tal.kaoyan:id/myapptitle_RightButton_textview')
2025-12-18 17:07:25,730 - my_app_logger - INFO - Clicked element: ('id', 'com.tal.kaoyan:id/myapptitle_RightButton_textview')
2025-12-18 17:07:27,030 - my_app_logger - INFO - Element found: ('id', 'com.tal.kaoyan:id/setting_logout_text')
2025-12-18 17:07:27,030 - my_app_logger - INFO - Element found: ('id', 'com.tal.kaoyan:id/setting_logout_text')
2025-12-18 17:07:27,030 - my_app_logger - INFO - Element found: ('id', 'com.tal.kaoyan:id/setting_logout_text')
2025-12-18 17:07:27,136 - my_app_logger - INFO - Clicked element: ('id', 'com.tal.kaoyan:id/setting_logout_text')
2025-12-18 17:07:27,136 - my_app_logger - INFO - Clicked element: ('id', 'com.tal.kaoyan:id/setting_logout_text')
2025-12-18 17:07:27,136 - my_app_logger - INFO - Clicked element: ('id', 'com.tal.kaoyan:id/setting_logout_text')
2025-12-18 17:07:27,801 - my_app_logger - INFO - Element found: ('id', 'com.tal.kaoyan:id/tip_commit')
2025-12-18 17:07:27,801 - my_app_logger - INFO - Element found: ('id', 'com.tal.kaoyan:id/tip_commit')
2025-12-18 17:07:27,801 - my_app_logger - INFO - Element found: ('id', 'com.tal.kaoyan:id/tip_commit')
2025-12-18 17:07:27,938 - my_app_logger - INFO - Clicked element: ('id', 'com.tal.kaoyan:id/tip_commit')
2025-12-18 17:07:27,938 - my_app_logger - INFO - Clicked element: ('id', 'com.tal.kaoyan:id/tip_commit')
2025-12-18 17:07:27,938 - my_app_logger - INFO - Clicked element: ('id', 'com.tal.kaoyan:id/tip_commit')
2025-12-18 17:08:03,603 - my_app_logger - INFO - Element found: ('id', 'com.tal.kaoyan:id/login_email_edittext')
2025-12-18 17:08:03,603 - my_app_logger - INFO - Element found: ('id', 'com.tal.kaoyan:id/login_email_edittext')
2025-12-18 17:08:03,603 - my_app_logger - INFO - Element found: ('id', 'com.tal.kaoyan:id/login_email_edittext')
2025-12-18 17:08:03,603 - my_app_logger - INFO - Element found: ('id', 'com.tal.kaoyan:id/login_email_edittext')
2025-12-18 17:08:04,300 - my_app_logger - INFO - Input text: '' into element: ('id', 'com.tal.kaoyan:id/login_email_edittext')
2025-12-18 17:08:04,300 - my_app_logger - INFO - Input text: '' into element: ('id', 'com.tal.kaoyan:id/login_email_edittext')
2025-12-18 17:08:04,300 - my_app_logger - INFO - Input text: '' into element: ('id', 'com.tal.kaoyan:id/login_email_edittext')
2025-12-18 17:08:04,300 - my_app_logger - INFO - Input text: '' into element: ('id', 'com.tal.kaoyan:id/login_email_edittext')
2025-12-18 17:08:04,854 - my_app_logger - INFO - Element found: ('id', 'com.tal.kaoyan:id/login_password_edittext')
2025-12-18 17:08:04,854 - my_app_logger - INFO - Element found: ('id', 'com.tal.kaoyan:id/login_password_edittext')
2025-12-18 17:08:04,854 - my_app_logger - INFO - Element found: ('id', 'com.tal.kaoyan:id/login_password_edittext')
2025-12-18 17:08:04,854 - my_app_logger - INFO - Element found: ('id', 'com.tal.kaoyan:id/login_password_edittext')
2025-12-18 17:08:05,911 - my_app_logger - INFO - Input text: 'zhang123' into element: ('id', 'com.tal.kaoyan:id/login_password_edittext')
2025-12-18 17:08:05,911 - my_app_logger - INFO - Input text: 'zhang123' into element: ('id', 'com.tal.kaoyan:id/login_password_edittext')
2025-12-18 17:08:05,911 - my_app_logger - INFO - Input text: 'zhang123' into element: ('id', 'com.tal.kaoyan:id/login_password_edittext')
2025-12-18 17:08:05,911 - my_app_logger - INFO - Input text: 'zhang123' into element: ('id', 'com.tal.kaoyan:id/login_password_edittext')
2025-12-18 17:08:06,435 - my_app_logger - INFO - Element found: ('id', 'com.tal.kaoyan:id/login_login_btn')
2025-12-18 17:08:06,435 - my_app_logger - INFO - Element found: ('id', 'com.tal.kaoyan:id/login_login_btn')
2025-12-18 17:08:06,435 - my_app_logger - INFO - Element found: ('id', 'com.tal.kaoyan:id/login_login_btn')
2025-12-18 17:08:06,435 - my_app_logger - INFO - Element found: ('id', 'com.tal.kaoyan:id/login_login_btn')
2025-12-18 17:08:06,542 - my_app_logger - INFO - Clicked element: ('id', 'com.tal.kaoyan:id/login_login_btn')
2025-12-18 17:08:06,542 - my_app_logger - INFO - Clicked element: ('id', 'com.tal.kaoyan:id/login_login_btn')
2025-12-18 17:08:06,542 - my_app_logger - INFO - Clicked element: ('id', 'com.tal.kaoyan:id/login_login_btn')
2025-12-18 17:08:06,542 - my_app_logger - INFO - Clicked element: ('id', 'com.tal.kaoyan:id/login_login_btn')
2025-12-18 17:08:36,611 - my_app_logger - ERROR - Element not found within 30 seconds: ('xpath', '//*[contains(@text,"账户不能为空")]')
2025-12-18 17:08:36,611 - my_app_logger - ERROR - Element not found within 30 seconds: ('xpath', '//*[contains(@text,"账户不能为空")]')
2025-12-18 17:08:36,611 - my_app_logger - ERROR - Element not found within 30 seconds: ('xpath', '//*[contains(@text,"账户不能为空")]')
2025-12-18 17:08:36,611 - my_app_logger - ERROR - Element not found within 30 seconds: ('xpath', '//*[contains(@text,"账户不能为空")]')
2025-12-18 17:08:36,611 - my_app_logger - ERROR - 获取Toast消息的文本失败: 'NoneType' object has no attribute 'text'
2025-12-18 17:08:36,611 - my_app_logger - ERROR - 获取Toast消息的文本失败: 'NoneType' object has no attribute 'text'
2025-12-18 17:08:36,611 - my_app_logger - ERROR - 获取Toast消息的文本失败: 'NoneType' object has no attribute 'text'
2025-12-18 17:08:36,611 - my_app_logger - ERROR - 获取Toast消息的文本失败: 'NoneType' object has no attribute 'text'
2025-12-18 17:09:05,611 - my_app_logger - INFO - Element found: ('id', 'com.tal.kaoyan:id/login_email_edittext')
2025-12-18 17:09:05,611 - my_app_logger - INFO - Element found: ('id', 'com.tal.kaoyan:id/login_email_edittext')
2025-12-18 17:09:05,611 - my_app_logger - INFO - Element found: ('id', 'com.tal.kaoyan:id/login_email_edittext')
2025-12-18 17:09:05,611 - my_app_logger - INFO - Element found: ('id', 'com.tal.kaoyan:id/login_email_edittext')
2025-12-18 17:09:05,611 - my_app_logger - INFO - Element found: ('id', 'com.tal.kaoyan:id/login_email_edittext')
2025-12-18 17:09:06,251 - my_app_logger - INFO - Input text: 'zhangfei666' into element: ('id', 'com.tal.kaoyan:id/login_email_edittext')
2025-12-18 17:09:06,251 - my_app_logger - INFO - Input text: 'zhangfei666' into element: ('id', 'com.tal.kaoyan:id/login_email_edittext')
2025-12-18 17:09:06,251 - my_app_logger - INFO - Input text: 'zhangfei666' into element: ('id', 'com.tal.kaoyan:id/login_email_edittext')
2025-12-18 17:09:06,251 - my_app_logger - INFO - Input text: 'zhangfei666' into element: ('id', 'com.tal.kaoyan:id/login_email_edittext')
2025-12-18 17:09:06,251 - my_app_logger - INFO - Input text: 'zhangfei666' into element: ('id', 'com.tal.kaoyan:id/login_email_edittext')
2025-12-18 17:09:06,796 - my_app_logger - INFO - Element found: ('id', 'com.tal.kaoyan:id/login_password_edittext')
2025-12-18 17:09:06,796 - my_app_logger - INFO - Element found: ('id', 'com.tal.kaoyan:id/login_password_edittext')
2025-12-18 17:09:06,796 - my_app_logger - INFO - Element found: ('id', 'com.tal.kaoyan:id/login_password_edittext')
2025-12-18 17:09:06,796 - my_app_logger - INFO - Element found: ('id', 'com.tal.kaoyan:id/login_password_edittext')
2025-12-18 17:09:06,796 - my_app_logger - INFO - Element found: ('id', 'com.tal.kaoyan:id/login_password_edittext')
2025-12-18 17:09:07,891 - my_app_logger - INFO - Input text: '' into element: ('id', 'com.tal.kaoyan:id/login_password_edittext')
2025-12-18 17:09:07,891 - my_app_logger - INFO - Input text: '' into element: ('id', 'com.tal.kaoyan:id/login_password_edittext')
2025-12-18 17:09:07,891 - my_app_logger - INFO - Input text: '' into element: ('id', 'com.tal.kaoyan:id/login_password_edittext')
2025-12-18 17:09:07,891 - my_app_logger - INFO - Input text: '' into element: ('id', 'com.tal.kaoyan:id/login_password_edittext')
2025-12-18 17:09:07,891 - my_app_logger - INFO - Input text: '' into element: ('id', 'com.tal.kaoyan:id/login_password_edittext')
2025-12-18 17:09:08,410 - my_app_logger - INFO - Element found: ('id', 'com.tal.kaoyan:id/login_login_btn')
2025-12-18 17:09:08,410 - my_app_logger - INFO - Element found: ('id', 'com.tal.kaoyan:id/login_login_btn')
2025-12-18 17:09:08,410 - my_app_logger - INFO - Element found: ('id', 'com.tal.kaoyan:id/login_login_btn')
2025-12-18 17:09:08,410 - my_app_logger - INFO - Element found: ('id', 'com.tal.kaoyan:id/login_login_btn')
2025-12-18 17:09:08,410 - my_app_logger - INFO - Element found: ('id', 'com.tal.kaoyan:id/login_login_btn')
2025-12-18 17:09:08,551 - my_app_logger - INFO - Clicked element: ('id', 'com.tal.kaoyan:id/login_login_btn')
2025-12-18 17:09:08,551 - my_app_logger - INFO - Clicked element: ('id', 'com.tal.kaoyan:id/login_login_btn')
2025-12-18 17:09:08,551 - my_app_logger - INFO - Clicked element: ('id', 'com.tal.kaoyan:id/login_login_btn')
2025-12-18 17:09:08,551 - my_app_logger - INFO - Clicked element: ('id', 'com.tal.kaoyan:id/login_login_btn')
2025-12-18 17:09:08,551 - my_app_logger - INFO - Clicked element: ('id', 'com.tal.kaoyan:id/login_login_btn')
2025-12-18 17:09:09,289 - my_app_logger - INFO - Element found: ('xpath', '//*[contains(@text,"不能为空")]')
2025-12-18 17:09:09,289 - my_app_logger - INFO - Element found: ('xpath', '//*[contains(@text,"不能为空")]')
2025-12-18 17:09:09,289 - my_app_logger - INFO - Element found: ('xpath', '//*[contains(@text,"不能为空")]')
2025-12-18 17:09:09,289 - my_app_logger - INFO - Element found: ('xpath', '//*[contains(@text,"不能为空")]')
2025-12-18 17:09:09,289 - my_app_logger - INFO - Element found: ('xpath', '//*[contains(@text,"不能为空")]')
2025-12-18 17:09:09,488 - my_app_logger - INFO - 获取Toast消息的文本 邮箱帐户密码不能为空 成功
2025-12-18 17:09:09,488 - my_app_logger - INFO - 获取Toast消息的文本 邮箱帐户密码不能为空 成功
2025-12-18 17:09:09,488 - my_app_logger - INFO - 获取Toast消息的文本 邮箱帐户密码不能为空 成功
2025-12-18 17:09:09,488 - my_app_logger - INFO - 获取Toast消息的文本 邮箱帐户密码不能为空 成功
2025-12-18 17:09:09,488 - my_app_logger - INFO - 获取Toast消息的文本 邮箱帐户密码不能为空 成功
2025-12-18 17:09:36,872 - my_app_logger - INFO - Element found: ('id', 'com.tal.kaoyan:id/login_email_edittext')
2025-12-18 17:09:36,872 - my_app_logger - INFO - Element found: ('id', 'com.tal.kaoyan:id/login_email_edittext')
2025-12-18 17:09:36,872 - my_app_logger - INFO - Element found: ('id', 'com.tal.kaoyan:id/login_email_edittext')
2025-12-18 17:09:36,872 - my_app_logger - INFO - Element found: ('id', 'com.tal.kaoyan:id/login_email_edittext')
2025-12-18 17:09:36,872 - my_app_logger - INFO - Element found: ('id', 'com.tal.kaoyan:id/login_email_edittext')
2025-12-18 17:09:36,872 - my_app_logger - INFO - Element found: ('id', 'com.tal.kaoyan:id/login_email_edittext')
2025-12-18 17:09:38,033 - my_app_logger - INFO - Input text: 'zhangfei666' into element: ('id', 'com.tal.kaoyan:id/login_email_edittext')
2025-12-18 17:09:38,033 - my_app_logger - INFO - Input text: 'zhangfei666' into element: ('id', 'com.tal.kaoyan:id/login_email_edittext')
2025-12-18 17:09:38,033 - my_app_logger - INFO - Input text: 'zhangfei666' into element: ('id', 'com.tal.kaoyan:id/login_email_edittext')
2025-12-18 17:09:38,033 - my_app_logger - INFO - Input text: 'zhangfei666' into element: ('id', 'com.tal.kaoyan:id/login_email_edittext')
2025-12-18 17:09:38,033 - my_app_logger - INFO - Input text: 'zhangfei666' into element: ('id', 'com.tal.kaoyan:id/login_email_edittext')
2025-12-18 17:09:38,033 - my_app_logger - INFO - Input text: 'zhangfei666' into element: ('id', 'com.tal.kaoyan:id/login_email_edittext')
2025-12-18 17:09:38,525 - my_app_logger - INFO - Element found: ('id', 'com.tal.kaoyan:id/login_password_edittext')
2025-12-18 17:09:38,525 - my_app_logger - INFO - Element found: ('id', 'com.tal.kaoyan:id/login_password_edittext')
2025-12-18 17:09:38,525 - my_app_logger - INFO - Element found: ('id', 'com.tal.kaoyan:id/login_password_edittext')
2025-12-18 17:09:38,525 - my_app_logger - INFO - Element found: ('id', 'com.tal.kaoyan:id/login_password_edittext')
2025-12-18 17:09:38,525 - my_app_logger - INFO - Element found: ('id', 'com.tal.kaoyan:id/login_password_edittext')
2025-12-18 17:09:38,525 - my_app_logger - INFO - Element found: ('id', 'com.tal.kaoyan:id/login_password_edittext')
2025-12-18 17:09:39,179 - my_app_logger - INFO - Input text: '342342342' into element: ('id', 'com.tal.kaoyan:id/login_password_edittext')
2025-12-18 17:09:39,179 - my_app_logger - INFO - Input text: '342342342' into element: ('id', 'com.tal.kaoyan:id/login_password_edittext')
2025-12-18 17:09:39,179 - my_app_logger - INFO - Input text: '342342342' into element: ('id', 'com.tal.kaoyan:id/login_password_edittext')
2025-12-18 17:09:39,179 - my_app_logger - INFO - Input text: '342342342' into element: ('id', 'com.tal.kaoyan:id/login_password_edittext')
2025-12-18 17:09:39,179 - my_app_logger - INFO - Input text: '342342342' into element: ('id', 'com.tal.kaoyan:id/login_password_edittext')
2025-12-18 17:09:39,179 - my_app_logger - INFO - Input text: '342342342' into element: ('id', 'com.tal.kaoyan:id/login_password_edittext')
2025-12-18 17:09:39,667 - my_app_logger - INFO - Element found: ('id', 'com.tal.kaoyan:id/login_login_btn')
2025-12-18 17:09:39,667 - my_app_logger - INFO - Element found: ('id', 'com.tal.kaoyan:id/login_login_btn')
2025-12-18 17:09:39,667 - my_app_logger - INFO - Element found: ('id', 'com.tal.kaoyan:id/login_login_btn')
2025-12-18 17:09:39,667 - my_app_logger - INFO - Element found: ('id', 'com.tal.kaoyan:id/login_login_btn')
2025-12-18 17:09:39,667 - my_app_logger - INFO - Element found: ('id', 'com.tal.kaoyan:id/login_login_btn')
2025-12-18 17:09:39,667 - my_app_logger - INFO - Element found: ('id', 'com.tal.kaoyan:id/login_login_btn')
2025-12-18 17:09:39,802 - my_app_logger - INFO - Clicked element: ('id', 'com.tal.kaoyan:id/login_login_btn')
2025-12-18 17:09:39,802 - my_app_logger - INFO - Clicked element: ('id', 'com.tal.kaoyan:id/login_login_btn')
2025-12-18 17:09:39,802 - my_app_logger - INFO - Clicked element: ('id', 'com.tal.kaoyan:id/login_login_btn')
2025-12-18 17:09:39,802 - my_app_logger - INFO - Clicked element: ('id', 'com.tal.kaoyan:id/login_login_btn')
2025-12-18 17:09:39,802 - my_app_logger - INFO - Clicked element: ('id', 'com.tal.kaoyan:id/login_login_btn')
2025-12-18 17:09:39,802 - my_app_logger - INFO - Clicked element: ('id', 'com.tal.kaoyan:id/login_login_btn')
2025-12-18 17:09:41,036 - my_app_logger - INFO - Element found: ('xpath', '//*[contains(@text,"错误")]')
2025-12-18 17:09:41,036 - my_app_logger - INFO - Element found: ('xpath', '//*[contains(@text,"错误")]')
2025-12-18 17:09:41,036 - my_app_logger - INFO - Element found: ('xpath', '//*[contains(@text,"错误")]')
2025-12-18 17:09:41,036 - my_app_logger - INFO - Element found: ('xpath', '//*[contains(@text,"错误")]')
2025-12-18 17:09:41,036 - my_app_logger - INFO - Element found: ('xpath', '//*[contains(@text,"错误")]')
2025-12-18 17:09:41,036 - my_app_logger - INFO - Element found: ('xpath', '//*[contains(@text,"错误")]')
2025-12-18 17:09:41,180 - my_app_logger - INFO - 获取Toast消息的文本 用户名或密码错误，你还可以尝试2次 成功
2025-12-18 17:09:41,180 - my_app_logger - INFO - 获取Toast消息的文本 用户名或密码错误，你还可以尝试2次 成功
2025-12-18 17:09:41,180 - my_app_logger - INFO - 获取Toast消息的文本 用户名或密码错误，你还可以尝试2次 成功
2025-12-18 17:09:41,180 - my_app_logger - INFO - 获取Toast消息的文本 用户名或密码错误，你还可以尝试2次 成功
2025-12-18 17:09:41,180 - my_app_logger - INFO - 获取Toast消息的文本 用户名或密码错误，你还可以尝试2次 成功
2025-12-18 17:09:41,180 - my_app_logger - INFO - 获取Toast消息的文本 用户名或密码错误，你还可以尝试2次 成功
